#
# There is insufficient memory for the Java Runtime Environment to continue.
# Native memory allocation (malloc) failed to allocate 1507632 bytes for Chunk::new
# Possible reasons:
#   The system is out of physical RAM or swap space
#   The process is running with CompressedOops enabled, and the Java Heap may be blocking the growth of the native heap
# Possible solutions:
#   Reduce memory load on the system
#   Increase physical memory or swap space
#   Check if swap backing store is full
#   Decrease Java heap size (-Xmx/-Xms)
#   Decrease number of Java threads
#   Decrease Java thread stack sizes (-Xss)
#   Set larger code cache with -XX:ReservedCodeCacheSize=
#   JVM is running with Zero Based Compressed Oops mode in which the Java heap is
#     placed in the first 32GB address space. The Java Heap base address is the
#     maximum limit for the native heap growth. Please use -XX:HeapBaseMinAddress
#     to set the Java Heap base and to place the Java Heap above 32GB virtual address.
# This output file may be truncated or incomplete.
#
#  Out of Memory Error (arena.cpp:189), pid=26832, tid=10892
#
# JRE version: Java(TM) SE Runtime Environment (17.0.12+8) (build 17.0.12+8-LTS-286)
# Java VM: Java HotSpot(TM) 64-Bit Server VM (17.0.12+8-LTS-286, mixed mode, sharing, tiered, compressed oops, compressed class ptrs, g1 gc, windows-amd64)
# No core dump will be written. Minidumps are not enabled by default on client versions of Windows
#

---------------  S U M M A R Y ------------

Command Line: -Dcompose.application.configure.swing.globals=true -Dcompose.application.resources.dir=C:\t\LogCatViewer\build\compose\tmp\prepareAppResources -Dfile.encoding=windows-1255 -Duser.country=IL -Duser.language=he -Duser.variant MainKt

Host: 13th Gen Intel(R) Core(TM) i5-13420H, 12 cores, 15G,  Windows 11 , 64 bit Build 26100 (10.0.26100.7019)
Time: Sun Nov 23 21:48:11 2025  Windows 11 , 64 bit Build 26100 (10.0.26100.7019) elapsed time: 3.147122 seconds (0d 0h 0m 3s)

---------------  T H R E A D  ---------------

Current thread (0x00000206e1d5e240):  JavaThread "C2 CompilerThread1" daemon [_thread_in_native, id=10892, stack(0x00000082a0600000,0x00000082a0700000)]


Current CompileTask:
C2:   3147 1435   !   4       jdk.internal.loader.BuiltinClassLoader::loadClassOrNull (143 bytes)

Stack: [0x00000082a0600000,0x00000082a0700000]
Native frames: (J=compiled Java code, j=interpreted, Vv=VM code, C=native code)
V  [jvm.dll+0x67a04a]
V  [jvm.dll+0x7da4ed]
V  [jvm.dll+0x7dbe33]
V  [jvm.dll+0x7dc4a3]
V  [jvm.dll+0x24508f]
V  [jvm.dll+0xab773]
V  [jvm.dll+0xabd3c]
V  [jvm.dll+0x361bee]
V  [jvm.dll+0x1ba45a]
V  [jvm.dll+0x216997]
V  [jvm.dll+0x215c6f]
V  [jvm.dll+0x1a2960]
V  [jvm.dll+0x22610b]
V  [jvm.dll+0x2242ab]
V  [jvm.dll+0x79075c]
V  [jvm.dll+0x78abea]
V  [jvm.dll+0x678f35]
C  [ucrtbase.dll+0x37b0]
C  [KERNEL32.DLL+0x2e8d7]
C  [ntdll.dll+0x8c53c]


---------------  P R O C E S S  ---------------

Threads class SMR info:
_java_thread_list=0x00000206e1c6f870, length=22, elements={
0x00000206f3938220, 0x00000206ff2857d0, 0x00000206ff2883a0, 0x00000206ff2a0740,
0x00000206ff2a1010, 0x00000206ff2a19d0, 0x00000206ff2a2390, 0x00000206ff2a5cf0,
0x00000206ff2a8f50, 0x00000206ff2ba880, 0x00000206d81acee0, 0x00000206d81b56a0,
0x00000206d8511500, 0x00000206d8511db0, 0x00000206d8512290, 0x00000206d8672a60,
0x00000206d8672f40, 0x00000206d86a2480, 0x00000206d86d2620, 0x00000206d86cf380,
0x00000206d86d0cd0, 0x00000206e1d5e240
}

Java Threads: ( => current thread )
  0x00000206f3938220 JavaThread "main" [_thread_blocked, id=22496, stack(0x000000829dd00000,0x000000829de00000)]
  0x00000206ff2857d0 JavaThread "Reference Handler" daemon [_thread_blocked, id=19732, stack(0x000000829e400000,0x000000829e500000)]
  0x00000206ff2883a0 JavaThread "Finalizer" daemon [_thread_blocked, id=22392, stack(0x000000829e500000,0x000000829e600000)]
  0x00000206ff2a0740 JavaThread "Signal Dispatcher" daemon [_thread_blocked, id=22484, stack(0x000000829e600000,0x000000829e700000)]
  0x00000206ff2a1010 JavaThread "Attach Listener" daemon [_thread_blocked, id=25780, stack(0x000000829e700000,0x000000829e800000)]
  0x00000206ff2a19d0 JavaThread "Service Thread" daemon [_thread_blocked, id=25896, stack(0x000000829e800000,0x000000829e900000)]
  0x00000206ff2a2390 JavaThread "Monitor Deflation Thread" daemon [_thread_blocked, id=21072, stack(0x000000829e900000,0x000000829ea00000)]
  0x00000206ff2a5cf0 JavaThread "C2 CompilerThread0" daemon [_thread_blocked, id=27492, stack(0x000000829ea00000,0x000000829eb00000)]
  0x00000206ff2a8f50 JavaThread "C1 CompilerThread0" daemon [_thread_blocked, id=25860, stack(0x000000829eb00000,0x000000829ec00000)]
  0x00000206ff2ba880 JavaThread "Sweeper thread" daemon [_thread_blocked, id=22156, stack(0x000000829ec00000,0x000000829ed00000)]
  0x00000206d81acee0 JavaThread "Notification Thread" daemon [_thread_blocked, id=10556, stack(0x000000829ed00000,0x000000829ee00000)]
  0x00000206d81b56a0 JavaThread "Common-Cleaner" daemon [_thread_blocked, id=11356, stack(0x000000829ef00000,0x000000829f000000)]
  0x00000206d8511500 JavaThread "Java2D Disposer" daemon [_thread_blocked, id=8440, stack(0x000000829f100000,0x000000829f200000)]
  0x00000206d8511db0 JavaThread "AWT-Shutdown" [_thread_blocked, id=15896, stack(0x000000829f200000,0x000000829f300000)]
  0x00000206d8512290 JavaThread "AWT-Windows" daemon [_thread_in_native, id=18212, stack(0x000000829f300000,0x000000829f400000)]
  0x00000206d8672a60 JavaThread "DefaultDispatcher-worker-1" daemon [_thread_blocked, id=6544, stack(0x000000829f400000,0x000000829f500000)]
  0x00000206d8672f40 JavaThread "DefaultDispatcher-worker-2" daemon [_thread_blocked, id=25496, stack(0x000000829f500000,0x000000829f600000)]
  0x00000206d86a2480 JavaThread "DefaultDispatcher-worker-3" daemon [_thread_blocked, id=3404, stack(0x000000829f600000,0x000000829f700000)]
  0x00000206d86d2620 JavaThread "Reference Cleaner" daemon [_thread_blocked, id=25036, stack(0x000000829f700000,0x000000829f800000)]
  0x00000206d86cf380 JavaThread "kotlinx.coroutines.DefaultExecutor" daemon [_thread_blocked, id=19364, stack(0x000000829f800000,0x000000829f900000)]
  0x00000206d86d0cd0 JavaThread "AWT-EventQueue-0" [_thread_in_native, id=12084, stack(0x000000829f900000,0x000000829fa00000)]
=>0x00000206e1d5e240 JavaThread "C2 CompilerThread1" daemon [_thread_in_native, id=10892, stack(0x00000082a0600000,0x00000082a0700000)]

Other Threads:
  0x00000206ff281590 VMThread "VM Thread" [stack: 0x000000829e300000,0x000000829e400000] [id=26700]
  0x00000206d81b5410 WatcherThread [stack: 0x000000829ee00000,0x000000829ef00000] [id=23772]
  0x00000206f399ff60 GCTaskThread "GC Thread#0" [stack: 0x000000829de00000,0x000000829df00000] [id=416]
  0x00000206dd950830 GCTaskThread "GC Thread#1" [stack: 0x000000829fa00000,0x000000829fb00000] [id=26208]
  0x00000206dd950af0 GCTaskThread "GC Thread#2" [stack: 0x000000829fb00000,0x000000829fc00000] [id=20448]
  0x00000206dd94df70 GCTaskThread "GC Thread#3" [stack: 0x000000829fc00000,0x000000829fd00000] [id=21780]
  0x00000206dd94e230 GCTaskThread "GC Thread#4" [stack: 0x000000829fd00000,0x000000829fe00000] [id=13148]
  0x00000206dd94ed00 GCTaskThread "GC Thread#5" [stack: 0x000000829fe00000,0x000000829ff00000] [id=12840]
  0x00000206dd94fbc0 GCTaskThread "GC Thread#6" [stack: 0x000000829ff00000,0x00000082a0000000] [id=13548]
  0x00000206de4833e0 GCTaskThread "GC Thread#7" [stack: 0x00000082a0300000,0x00000082a0400000] [id=10352]
  0x00000206de482360 GCTaskThread "GC Thread#8" [stack: 0x00000082a0400000,0x00000082a0500000] [id=19284]
  0x00000206de4828e0 GCTaskThread "GC Thread#9" [stack: 0x00000082a0500000,0x00000082a0600000] [id=13788]
  0x00000206f39b1740 ConcurrentGCThread "G1 Main Marker" [stack: 0x000000829df00000,0x000000829e000000] [id=23452]
  0x00000206f39b4010 ConcurrentGCThread "G1 Conc#0" [stack: 0x000000829e000000,0x000000829e100000] [id=24444]
  0x00000206f39ed0d0 ConcurrentGCThread "G1 Refine#0" [stack: 0x000000829e100000,0x000000829e200000] [id=18488]
  0x00000206f39ed9a0 ConcurrentGCThread "G1 Service" [stack: 0x000000829e200000,0x000000829e300000] [id=24724]

Threads with active compile tasks:
C2 CompilerThread1     3179 1435   !   4       jdk.internal.loader.BuiltinClassLoader::loadClassOrNull (143 bytes)

VM state: not at safepoint (normal execution)

VM Mutex/Monitor currently owned by a thread: None

Heap address: 0x0000000704400000, size: 4028 MB, Compressed Oops mode: Zero based, Oop shift amount: 3

CDS archive(s) mapped at: [0x0000020697000000-0x0000020697bd0000-0x0000020697bd0000), size 12386304, SharedBaseAddress: 0x0000020697000000, ArchiveRelocationMode: 1.
Compressed class space mapped at: 0x0000020698000000-0x00000206d8000000, reserved size: 1073741824
Narrow klass base: 0x0000020697000000, Narrow klass shift: 0, Narrow klass range: 0x100000000

GC Precious Log:
 CPUs: 12 total, 12 available
 Memory: 16107M
 Large Page Support: Disabled
 NUMA Support: Disabled
 Compressed Oops: Enabled (Zero based)
 Heap Region Size: 2M
 Heap Min Capacity: 8M
 Heap Initial Capacity: 252M
 Heap Max Capacity: 4028M
 Pre-touch: Disabled
 Parallel Workers: 10
 Concurrent Workers: 3
 Concurrent Refinement Workers: 10
 Periodic GC: Disabled

Heap:
 garbage-first heap   total 258048K, used 19429K [0x0000000704400000, 0x0000000800000000)
  region size 2048K, 8 young (16384K), 1 survivors (2048K)
 Metaspace       used 21161K, committed 21376K, reserved 1114112K
  class space    used 2250K, committed 2368K, reserved 1048576K

Heap Regions: E=young(eden), S=young(survivor), O=old, HS=humongous(starts), HC=humongous(continues), CS=collection set, F=free, OA=open archive, CA=closed archive, TAMS=top-at-mark-start (previous, next)
|   0|0x0000000704400000, 0x0000000704600000, 0x0000000704600000|100%|HS|  |TAMS 0x0000000704400000, 0x0000000704400000| Complete 
|   1|0x0000000704600000, 0x0000000704800000, 0x0000000704800000|100%| O|  |TAMS 0x0000000704600000, 0x0000000704600000| Untracked 
|   2|0x0000000704800000, 0x000000070495f000, 0x0000000704a00000| 68%| O|  |TAMS 0x0000000704800000, 0x0000000704800000| Untracked 
|   3|0x0000000704a00000, 0x0000000704a00000, 0x0000000704c00000|  0%| F|  |TAMS 0x0000000704a00000, 0x0000000704a00000| Untracked 
|   4|0x0000000704c00000, 0x0000000704c00000, 0x0000000704e00000|  0%| F|  |TAMS 0x0000000704c00000, 0x0000000704c00000| Untracked 
|   5|0x0000000704e00000, 0x0000000704e00000, 0x0000000705000000|  0%| F|  |TAMS 0x0000000704e00000, 0x0000000704e00000| Untracked 
|   6|0x0000000705000000, 0x0000000705000000, 0x0000000705200000|  0%| F|  |TAMS 0x0000000705000000, 0x0000000705000000| Untracked 
|   7|0x0000000705200000, 0x0000000705200000, 0x0000000705400000|  0%| F|  |TAMS 0x0000000705200000, 0x0000000705200000| Untracked 
|   8|0x0000000705400000, 0x0000000705400000, 0x0000000705600000|  0%| F|  |TAMS 0x0000000705400000, 0x0000000705400000| Untracked 
|   9|0x0000000705600000, 0x0000000705600000, 0x0000000705800000|  0%| F|  |TAMS 0x0000000705600000, 0x0000000705600000| Untracked 
|  10|0x0000000705800000, 0x0000000705800000, 0x0000000705a00000|  0%| F|  |TAMS 0x0000000705800000, 0x0000000705800000| Untracked 
|  11|0x0000000705a00000, 0x0000000705a00000, 0x0000000705c00000|  0%| F|  |TAMS 0x0000000705a00000, 0x0000000705a00000| Untracked 
|  12|0x0000000705c00000, 0x0000000705c00000, 0x0000000705e00000|  0%| F|  |TAMS 0x0000000705c00000, 0x0000000705c00000| Untracked 
|  13|0x0000000705e00000, 0x0000000705e00000, 0x0000000706000000|  0%| F|  |TAMS 0x0000000705e00000, 0x0000000705e00000| Untracked 
|  14|0x0000000706000000, 0x0000000706000000, 0x0000000706200000|  0%| F|  |TAMS 0x0000000706000000, 0x0000000706000000| Untracked 
|  15|0x0000000706200000, 0x0000000706200000, 0x0000000706400000|  0%| F|  |TAMS 0x0000000706200000, 0x0000000706200000| Untracked 
|  16|0x0000000706400000, 0x0000000706400000, 0x0000000706600000|  0%| F|  |TAMS 0x0000000706400000, 0x0000000706400000| Untracked 
|  17|0x0000000706600000, 0x0000000706600000, 0x0000000706800000|  0%| F|  |TAMS 0x0000000706600000, 0x0000000706600000| Untracked 
|  18|0x0000000706800000, 0x0000000706800000, 0x0000000706a00000|  0%| F|  |TAMS 0x0000000706800000, 0x0000000706800000| Untracked 
|  19|0x0000000706a00000, 0x0000000706a00000, 0x0000000706c00000|  0%| F|  |TAMS 0x0000000706a00000, 0x0000000706a00000| Untracked 
|  20|0x0000000706c00000, 0x0000000706c00000, 0x0000000706e00000|  0%| F|  |TAMS 0x0000000706c00000, 0x0000000706c00000| Untracked 
|  21|0x0000000706e00000, 0x0000000706e00000, 0x0000000707000000|  0%| F|  |TAMS 0x0000000706e00000, 0x0000000706e00000| Untracked 
|  22|0x0000000707000000, 0x0000000707000000, 0x0000000707200000|  0%| F|  |TAMS 0x0000000707000000, 0x0000000707000000| Untracked 
|  23|0x0000000707200000, 0x0000000707200000, 0x0000000707400000|  0%| F|  |TAMS 0x0000000707200000, 0x0000000707200000| Untracked 
|  24|0x0000000707400000, 0x0000000707400000, 0x0000000707600000|  0%| F|  |TAMS 0x0000000707400000, 0x0000000707400000| Untracked 
|  25|0x0000000707600000, 0x0000000707600000, 0x0000000707800000|  0%| F|  |TAMS 0x0000000707600000, 0x0000000707600000| Untracked 
|  26|0x0000000707800000, 0x0000000707800000, 0x0000000707a00000|  0%| F|  |TAMS 0x0000000707800000, 0x0000000707800000| Untracked 
|  27|0x0000000707a00000, 0x0000000707a00000, 0x0000000707c00000|  0%| F|  |TAMS 0x0000000707a00000, 0x0000000707a00000| Untracked 
|  28|0x0000000707c00000, 0x0000000707c00000, 0x0000000707e00000|  0%| F|  |TAMS 0x0000000707c00000, 0x0000000707c00000| Untracked 
|  29|0x0000000707e00000, 0x0000000707e00000, 0x0000000708000000|  0%| F|  |TAMS 0x0000000707e00000, 0x0000000707e00000| Untracked 
|  30|0x0000000708000000, 0x0000000708000000, 0x0000000708200000|  0%| F|  |TAMS 0x0000000708000000, 0x0000000708000000| Untracked 
|  31|0x0000000708200000, 0x0000000708200000, 0x0000000708400000|  0%| F|  |TAMS 0x0000000708200000, 0x0000000708200000| Untracked 
|  32|0x0000000708400000, 0x0000000708400000, 0x0000000708600000|  0%| F|  |TAMS 0x0000000708400000, 0x0000000708400000| Untracked 
|  33|0x0000000708600000, 0x0000000708600000, 0x0000000708800000|  0%| F|  |TAMS 0x0000000708600000, 0x0000000708600000| Untracked 
|  34|0x0000000708800000, 0x0000000708800000, 0x0000000708a00000|  0%| F|  |TAMS 0x0000000708800000, 0x0000000708800000| Untracked 
|  35|0x0000000708a00000, 0x0000000708a00000, 0x0000000708c00000|  0%| F|  |TAMS 0x0000000708a00000, 0x0000000708a00000| Untracked 
|  36|0x0000000708c00000, 0x0000000708c00000, 0x0000000708e00000|  0%| F|  |TAMS 0x0000000708c00000, 0x0000000708c00000| Untracked 
|  37|0x0000000708e00000, 0x0000000708e00000, 0x0000000709000000|  0%| F|  |TAMS 0x0000000708e00000, 0x0000000708e00000| Untracked 
|  38|0x0000000709000000, 0x0000000709000000, 0x0000000709200000|  0%| F|  |TAMS 0x0000000709000000, 0x0000000709000000| Untracked 
|  39|0x0000000709200000, 0x0000000709200000, 0x0000000709400000|  0%| F|  |TAMS 0x0000000709200000, 0x0000000709200000| Untracked 
|  40|0x0000000709400000, 0x0000000709400000, 0x0000000709600000|  0%| F|  |TAMS 0x0000000709400000, 0x0000000709400000| Untracked 
|  41|0x0000000709600000, 0x0000000709600000, 0x0000000709800000|  0%| F|  |TAMS 0x0000000709600000, 0x0000000709600000| Untracked 
|  42|0x0000000709800000, 0x0000000709800000, 0x0000000709a00000|  0%| F|  |TAMS 0x0000000709800000, 0x0000000709800000| Untracked 
|  43|0x0000000709a00000, 0x0000000709a00000, 0x0000000709c00000|  0%| F|  |TAMS 0x0000000709a00000, 0x0000000709a00000| Untracked 
|  44|0x0000000709c00000, 0x0000000709c00000, 0x0000000709e00000|  0%| F|  |TAMS 0x0000000709c00000, 0x0000000709c00000| Untracked 
|  45|0x0000000709e00000, 0x0000000709e00000, 0x000000070a000000|  0%| F|  |TAMS 0x0000000709e00000, 0x0000000709e00000| Untracked 
|  46|0x000000070a000000, 0x000000070a000000, 0x000000070a200000|  0%| F|  |TAMS 0x000000070a000000, 0x000000070a000000| Untracked 
|  47|0x000000070a200000, 0x000000070a200000, 0x000000070a400000|  0%| F|  |TAMS 0x000000070a200000, 0x000000070a200000| Untracked 
|  48|0x000000070a400000, 0x000000070a400000, 0x000000070a600000|  0%| F|  |TAMS 0x000000070a400000, 0x000000070a400000| Untracked 
|  49|0x000000070a600000, 0x000000070a600000, 0x000000070a800000|  0%| F|  |TAMS 0x000000070a600000, 0x000000070a600000| Untracked 
|  50|0x000000070a800000, 0x000000070a800000, 0x000000070aa00000|  0%| F|  |TAMS 0x000000070a800000, 0x000000070a800000| Untracked 
|  51|0x000000070aa00000, 0x000000070aa00000, 0x000000070ac00000|  0%| F|  |TAMS 0x000000070aa00000, 0x000000070aa00000| Untracked 
|  52|0x000000070ac00000, 0x000000070ac00000, 0x000000070ae00000|  0%| F|  |TAMS 0x000000070ac00000, 0x000000070ac00000| Untracked 
|  53|0x000000070ae00000, 0x000000070ae00000, 0x000000070b000000|  0%| F|  |TAMS 0x000000070ae00000, 0x000000070ae00000| Untracked 
|  54|0x000000070b000000, 0x000000070b000000, 0x000000070b200000|  0%| F|  |TAMS 0x000000070b000000, 0x000000070b000000| Untracked 
|  55|0x000000070b200000, 0x000000070b200000, 0x000000070b400000|  0%| F|  |TAMS 0x000000070b200000, 0x000000070b200000| Untracked 
|  56|0x000000070b400000, 0x000000070b400000, 0x000000070b600000|  0%| F|  |TAMS 0x000000070b400000, 0x000000070b400000| Untracked 
|  57|0x000000070b600000, 0x000000070b600000, 0x000000070b800000|  0%| F|  |TAMS 0x000000070b600000, 0x000000070b600000| Untracked 
|  58|0x000000070b800000, 0x000000070b800000, 0x000000070ba00000|  0%| F|  |TAMS 0x000000070b800000, 0x000000070b800000| Untracked 
|  59|0x000000070ba00000, 0x000000070ba00000, 0x000000070bc00000|  0%| F|  |TAMS 0x000000070ba00000, 0x000000070ba00000| Untracked 
|  60|0x000000070bc00000, 0x000000070bc00000, 0x000000070be00000|  0%| F|  |TAMS 0x000000070bc00000, 0x000000070bc00000| Untracked 
|  61|0x000000070be00000, 0x000000070be00000, 0x000000070c000000|  0%| F|  |TAMS 0x000000070be00000, 0x000000070be00000| Untracked 
|  62|0x000000070c000000, 0x000000070c000000, 0x000000070c200000|  0%| F|  |TAMS 0x000000070c000000, 0x000000070c000000| Untracked 
|  63|0x000000070c200000, 0x000000070c200000, 0x000000070c400000|  0%| F|  |TAMS 0x000000070c200000, 0x000000070c200000| Untracked 
|  64|0x000000070c400000, 0x000000070c400000, 0x000000070c600000|  0%| F|  |TAMS 0x000000070c400000, 0x000000070c400000| Untracked 
|  65|0x000000070c600000, 0x000000070c600000, 0x000000070c800000|  0%| F|  |TAMS 0x000000070c600000, 0x000000070c600000| Untracked 
|  66|0x000000070c800000, 0x000000070c800000, 0x000000070ca00000|  0%| F|  |TAMS 0x000000070c800000, 0x000000070c800000| Untracked 
|  67|0x000000070ca00000, 0x000000070ca00000, 0x000000070cc00000|  0%| F|  |TAMS 0x000000070ca00000, 0x000000070ca00000| Untracked 
|  68|0x000000070cc00000, 0x000000070cc00000, 0x000000070ce00000|  0%| F|  |TAMS 0x000000070cc00000, 0x000000070cc00000| Untracked 
|  69|0x000000070ce00000, 0x000000070ce00000, 0x000000070d000000|  0%| F|  |TAMS 0x000000070ce00000, 0x000000070ce00000| Untracked 
|  70|0x000000070d000000, 0x000000070d000000, 0x000000070d200000|  0%| F|  |TAMS 0x000000070d000000, 0x000000070d000000| Untracked 
|  71|0x000000070d200000, 0x000000070d200000, 0x000000070d400000|  0%| F|  |TAMS 0x000000070d200000, 0x000000070d200000| Untracked 
|  72|0x000000070d400000, 0x000000070d400000, 0x000000070d600000|  0%| F|  |TAMS 0x000000070d400000, 0x000000070d400000| Untracked 
|  73|0x000000070d600000, 0x000000070d600000, 0x000000070d800000|  0%| F|  |TAMS 0x000000070d600000, 0x000000070d600000| Untracked 
|  74|0x000000070d800000, 0x000000070d800000, 0x000000070da00000|  0%| F|  |TAMS 0x000000070d800000, 0x000000070d800000| Untracked 
|  75|0x000000070da00000, 0x000000070da00000, 0x000000070dc00000|  0%| F|  |TAMS 0x000000070da00000, 0x000000070da00000| Untracked 
|  76|0x000000070dc00000, 0x000000070dc00000, 0x000000070de00000|  0%| F|  |TAMS 0x000000070dc00000, 0x000000070dc00000| Untracked 
|  77|0x000000070de00000, 0x000000070de00000, 0x000000070e000000|  0%| F|  |TAMS 0x000000070de00000, 0x000000070de00000| Untracked 
|  78|0x000000070e000000, 0x000000070e000000, 0x000000070e200000|  0%| F|  |TAMS 0x000000070e000000, 0x000000070e000000| Untracked 
|  79|0x000000070e200000, 0x000000070e200000, 0x000000070e400000|  0%| F|  |TAMS 0x000000070e200000, 0x000000070e200000| Untracked 
|  80|0x000000070e400000, 0x000000070e400000, 0x000000070e600000|  0%| F|  |TAMS 0x000000070e400000, 0x000000070e400000| Untracked 
|  81|0x000000070e600000, 0x000000070e600000, 0x000000070e800000|  0%| F|  |TAMS 0x000000070e600000, 0x000000070e600000| Untracked 
|  82|0x000000070e800000, 0x000000070e800000, 0x000000070ea00000|  0%| F|  |TAMS 0x000000070e800000, 0x000000070e800000| Untracked 
|  83|0x000000070ea00000, 0x000000070ea00000, 0x000000070ec00000|  0%| F|  |TAMS 0x000000070ea00000, 0x000000070ea00000| Untracked 
|  84|0x000000070ec00000, 0x000000070ec00000, 0x000000070ee00000|  0%| F|  |TAMS 0x000000070ec00000, 0x000000070ec00000| Untracked 
|  85|0x000000070ee00000, 0x000000070ee00000, 0x000000070f000000|  0%| F|  |TAMS 0x000000070ee00000, 0x000000070ee00000| Untracked 
|  86|0x000000070f000000, 0x000000070f000000, 0x000000070f200000|  0%| F|  |TAMS 0x000000070f000000, 0x000000070f000000| Untracked 
|  87|0x000000070f200000, 0x000000070f200000, 0x000000070f400000|  0%| F|  |TAMS 0x000000070f200000, 0x000000070f200000| Untracked 
|  88|0x000000070f400000, 0x000000070f400000, 0x000000070f600000|  0%| F|  |TAMS 0x000000070f400000, 0x000000070f400000| Untracked 
|  89|0x000000070f600000, 0x000000070f600000, 0x000000070f800000|  0%| F|  |TAMS 0x000000070f600000, 0x000000070f600000| Untracked 
|  90|0x000000070f800000, 0x000000070f800000, 0x000000070fa00000|  0%| F|  |TAMS 0x000000070f800000, 0x000000070f800000| Untracked 
|  91|0x000000070fa00000, 0x000000070fa00000, 0x000000070fc00000|  0%| F|  |TAMS 0x000000070fa00000, 0x000000070fa00000| Untracked 
|  92|0x000000070fc00000, 0x000000070fc00000, 0x000000070fe00000|  0%| F|  |TAMS 0x000000070fc00000, 0x000000070fc00000| Untracked 
|  93|0x000000070fe00000, 0x000000070fe00000, 0x0000000710000000|  0%| F|  |TAMS 0x000000070fe00000, 0x000000070fe00000| Untracked 
|  94|0x0000000710000000, 0x0000000710000000, 0x0000000710200000|  0%| F|  |TAMS 0x0000000710000000, 0x0000000710000000| Untracked 
|  95|0x0000000710200000, 0x0000000710200000, 0x0000000710400000|  0%| F|  |TAMS 0x0000000710200000, 0x0000000710200000| Untracked 
|  96|0x0000000710400000, 0x0000000710400000, 0x0000000710600000|  0%| F|  |TAMS 0x0000000710400000, 0x0000000710400000| Untracked 
|  97|0x0000000710600000, 0x0000000710600000, 0x0000000710800000|  0%| F|  |TAMS 0x0000000710600000, 0x0000000710600000| Untracked 
|  98|0x0000000710800000, 0x0000000710800000, 0x0000000710a00000|  0%| F|  |TAMS 0x0000000710800000, 0x0000000710800000| Untracked 
|  99|0x0000000710a00000, 0x0000000710a00000, 0x0000000710c00000|  0%| F|  |TAMS 0x0000000710a00000, 0x0000000710a00000| Untracked 
| 100|0x0000000710c00000, 0x0000000710c00000, 0x0000000710e00000|  0%| F|  |TAMS 0x0000000710c00000, 0x0000000710c00000| Untracked 
| 101|0x0000000710e00000, 0x0000000710e00000, 0x0000000711000000|  0%| F|  |TAMS 0x0000000710e00000, 0x0000000710e00000| Untracked 
| 102|0x0000000711000000, 0x0000000711000000, 0x0000000711200000|  0%| F|  |TAMS 0x0000000711000000, 0x0000000711000000| Untracked 
| 103|0x0000000711200000, 0x0000000711200000, 0x0000000711400000|  0%| F|  |TAMS 0x0000000711200000, 0x0000000711200000| Untracked 
| 104|0x0000000711400000, 0x0000000711400000, 0x0000000711600000|  0%| F|  |TAMS 0x0000000711400000, 0x0000000711400000| Untracked 
| 105|0x0000000711600000, 0x0000000711600000, 0x0000000711800000|  0%| F|  |TAMS 0x0000000711600000, 0x0000000711600000| Untracked 
| 106|0x0000000711800000, 0x0000000711800000, 0x0000000711a00000|  0%| F|  |TAMS 0x0000000711800000, 0x0000000711800000| Untracked 
| 107|0x0000000711a00000, 0x0000000711a00000, 0x0000000711c00000|  0%| F|  |TAMS 0x0000000711a00000, 0x0000000711a00000| Untracked 
| 108|0x0000000711c00000, 0x0000000711c00000, 0x0000000711e00000|  0%| F|  |TAMS 0x0000000711c00000, 0x0000000711c00000| Untracked 
| 109|0x0000000711e00000, 0x0000000711f9a588, 0x0000000712000000| 80%| S|CS|TAMS 0x0000000711e00000, 0x0000000711e00000| Complete 
| 110|0x0000000712000000, 0x0000000712000000, 0x0000000712200000|  0%| F|  |TAMS 0x0000000712000000, 0x0000000712000000| Untracked 
| 111|0x0000000712200000, 0x0000000712200000, 0x0000000712400000|  0%| F|  |TAMS 0x0000000712200000, 0x0000000712200000| Untracked 
| 112|0x0000000712400000, 0x0000000712400000, 0x0000000712600000|  0%| F|  |TAMS 0x0000000712400000, 0x0000000712400000| Untracked 
| 113|0x0000000712600000, 0x0000000712600000, 0x0000000712800000|  0%| F|  |TAMS 0x0000000712600000, 0x0000000712600000| Untracked 
| 114|0x0000000712800000, 0x0000000712800000, 0x0000000712a00000|  0%| F|  |TAMS 0x0000000712800000, 0x0000000712800000| Untracked 
| 115|0x0000000712a00000, 0x0000000712a00000, 0x0000000712c00000|  0%| F|  |TAMS 0x0000000712a00000, 0x0000000712a00000| Untracked 
| 116|0x0000000712c00000, 0x0000000712c00000, 0x0000000712e00000|  0%| F|  |TAMS 0x0000000712c00000, 0x0000000712c00000| Untracked 
| 117|0x0000000712e00000, 0x0000000712e00000, 0x0000000713000000|  0%| F|  |TAMS 0x0000000712e00000, 0x0000000712e00000| Untracked 
| 118|0x0000000713000000, 0x0000000713000000, 0x0000000713200000|  0%| F|  |TAMS 0x0000000713000000, 0x0000000713000000| Untracked 
| 119|0x0000000713200000, 0x0000000713305450, 0x0000000713400000| 51%| E|  |TAMS 0x0000000713200000, 0x0000000713200000| Complete 
| 120|0x0000000713400000, 0x0000000713600000, 0x0000000713600000|100%| E|CS|TAMS 0x0000000713400000, 0x0000000713400000| Complete 
| 121|0x0000000713600000, 0x0000000713800000, 0x0000000713800000|100%| E|CS|TAMS 0x0000000713600000, 0x0000000713600000| Complete 
| 122|0x0000000713800000, 0x0000000713a00000, 0x0000000713a00000|100%| E|CS|TAMS 0x0000000713800000, 0x0000000713800000| Complete 
| 123|0x0000000713a00000, 0x0000000713c00000, 0x0000000713c00000|100%| E|CS|TAMS 0x0000000713a00000, 0x0000000713a00000| Complete 
| 124|0x0000000713c00000, 0x0000000713e00000, 0x0000000713e00000|100%| E|CS|TAMS 0x0000000713c00000, 0x0000000713c00000| Complete 
| 125|0x0000000713e00000, 0x0000000714000000, 0x0000000714000000|100%| E|CS|TAMS 0x0000000713e00000, 0x0000000713e00000| Complete 

Card table byte_map: [0x00000206fbf10000,0x00000206fc6f0000] _byte_map_base: 0x00000206f86ee000

Marking Bits (Prev, Next): (CMBitMap*) 0x00000206f39a0580, (CMBitMap*) 0x00000206f39a05c0
 Prev Bits: [0x000002068f000000, 0x0000020692ef0000)
 Next Bits: [0x0000020692ef0000, 0x0000020696de0000)

Polling page: 0x00000206f17c0000

Metaspace:

Usage:
  Non-class:     18.47 MB used.
      Class:      2.20 MB used.
       Both:     20.67 MB used.

Virtual space:
  Non-class space:       64.00 MB reserved,      18.56 MB ( 29%) committed,  1 nodes.
      Class space:        1.00 GB reserved,       2.31 MB ( <1%) committed,  1 nodes.
             Both:        1.06 GB reserved,      20.88 MB (  2%) committed. 

Chunk freelists:
   Non-Class:  12.64 MB
       Class:  13.59 MB
        Both:  26.23 MB

MaxMetaspaceSize: unlimited
CompressedClassSpaceSize: 1.00 GB
Initial GC threshold: 21.00 MB
Current GC threshold: 21.00 MB
CDS: on
MetaspaceReclaimPolicy: balanced
 - commit_granule_bytes: 65536.
 - commit_granule_words: 8192.
 - virtual_space_node_default_size: 8388608.
 - enlarge_chunks_in_place: 1.
 - new_chunks_are_fully_committed: 0.
 - uncommit_free_chunks: 1.
 - use_allocation_guard: 0.
 - handle_deallocations: 1.


Internal statistics:

num_allocs_failed_limit: 0.
num_arena_births: 124.
num_arena_deaths: 0.
num_vsnodes_births: 2.
num_vsnodes_deaths: 0.
num_space_committed: 334.
num_space_uncommitted: 0.
num_chunks_returned_to_freelist: 0.
num_chunks_taken_from_freelist: 663.
num_chunk_merges: 0.
num_chunk_splits: 562.
num_chunks_enlarged: 503.
num_inconsistent_stats: 0.

CodeHeap 'non-profiled nmethods': size=120000Kb used=575Kb max_used=575Kb free=119424Kb
 bounds [0x0000020687ad0000, 0x0000020687d40000, 0x000002068f000000]
CodeHeap 'profiled nmethods': size=120000Kb used=2330Kb max_used=2330Kb free=117669Kb
 bounds [0x0000020680000000, 0x0000020680270000, 0x0000020687530000]
CodeHeap 'non-nmethods': size=5760Kb used=1734Kb max_used=1742Kb free=4025Kb
 bounds [0x0000020687530000, 0x00000206877a0000, 0x0000020687ad0000]
 total_blobs=2669 nmethods=1496 adapters=1086
 compilation: enabled
              stopped_count=0, restarted_count=0
 full_count=0

Compilation events (20 events):
Event: 2.046 Thread 0x00000206ff2a8f50 1484       1       androidx.compose.ui.text.SpanStyle::getTextGeometricTransform (5 bytes)
Event: 2.046 Thread 0x00000206ff2a8f50 nmethod 1484 0x0000020687b5ed90 code [0x0000020687b5ef20, 0x0000020687b5eff8]
Event: 2.046 Thread 0x00000206ff2a8f50 1485       1       androidx.compose.ui.text.SpanStyle::getBackground-0d7_KjU (5 bytes)
Event: 2.046 Thread 0x00000206ff2a8f50 nmethod 1485 0x0000020687b5f090 code [0x0000020687b5f220, 0x0000020687b5f2f8]
Event: 2.046 Thread 0x00000206ff2a8f50 1486       1       androidx.compose.runtime.external.kotlinx.collections.immutable.implementations.immutableMap.TrieNode::getBuffer$runtime (5 bytes)
Event: 2.046 Thread 0x00000206ff2a8f50 nmethod 1486 0x0000020687b5f390 code [0x0000020687b5f520, 0x0000020687b5f5f8]
Event: 2.046 Thread 0x00000206ff2a8f50 1490       3       androidx.compose.ui.text.style.TextAlign::equals-impl0 (11 bytes)
Event: 2.046 Thread 0x00000206ff2a8f50 nmethod 1490 0x0000020680245110 code [0x00000206802452a0, 0x00000206802453f8]
Event: 2.046 Thread 0x00000206ff2a8f50 1491       3       androidx.compose.ui.graphics.SkiaBackedCanvas::translate (11 bytes)
Event: 2.047 Thread 0x00000206ff2a8f50 nmethod 1491 0x0000020680245490 code [0x0000020680245640, 0x0000020680245788]
Event: 2.047 Thread 0x00000206ff2a8f50 1492       3       org.jetbrains.skia.Canvas::translate (32 bytes)
Event: 2.047 Thread 0x00000206ff2a8f50 nmethod 1492 0x0000020680245890 code [0x0000020680245a40, 0x0000020680245c58]
Event: 2.047 Thread 0x00000206ff2a8f50 1493       3       org.jetbrains.skia.CanvasKt::access$_nTranslate (7 bytes)
Event: 2.047 Thread 0x00000206ff2a8f50 nmethod 1493 0x0000020680245d90 code [0x0000020680245f20, 0x0000020680246028]
Event: 2.047 Thread 0x00000206ff2a8f50 1495       3       androidx.compose.ui.graphics.Color::hashCode-impl (5 bytes)
Event: 2.047 Thread 0x00000206ff2a8f50 nmethod 1495 0x0000020680246110 code [0x00000206802462c0, 0x0000020680246428]
Event: 2.047 Thread 0x00000206ff2a8f50 1496       3       kotlin.ULong::hashCode-impl (5 bytes)
Event: 2.047 Thread 0x00000206ff2a8f50 nmethod 1496 0x0000020680246510 code [0x00000206802466a0, 0x00000206802467a8]
Event: 2.047 Thread 0x00000206ff2a8f50 1497       1       androidx.compose.ui.text.ParagraphStyle::getTextIndent (5 bytes)
Event: 2.047 Thread 0x00000206ff2a8f50 nmethod 1497 0x0000020687b5fa90 code [0x0000020687b5fc20, 0x0000020687b5fcf8]

GC Heap History (4 events):
Event: 0.749 GC heap before
{Heap before GC invocations=0 (full 0):
 garbage-first heap   total 258048K, used 22528K [0x0000000704400000, 0x0000000800000000)
  region size 2048K, 11 young (22528K), 0 survivors (0K)
 Metaspace       used 8487K, committed 8640K, reserved 1114112K
  class space    used 783K, committed 896K, reserved 1048576K
}
Event: 0.753 GC heap after
{Heap after GC invocations=1 (full 0):
 garbage-first heap   total 258048K, used 5623K [0x0000000704400000, 0x0000000800000000)
  region size 2048K, 2 young (4096K), 2 survivors (4096K)
 Metaspace       used 8487K, committed 8640K, reserved 1114112K
  class space    used 783K, committed 896K, reserved 1048576K
}
Event: 1.639 GC heap before
{Heap before GC invocations=1 (full 0):
 garbage-first heap   total 258048K, used 32247K [0x0000000704400000, 0x0000000800000000)
  region size 2048K, 16 young (32768K), 2 survivors (4096K)
 Metaspace       used 17802K, committed 17984K, reserved 1114112K
  class space    used 1888K, committed 1984K, reserved 1048576K
}
Event: 1.643 GC heap after
{Heap after GC invocations=2 (full 0):
 garbage-first heap   total 258048K, used 7141K [0x0000000704400000, 0x0000000800000000)
  region size 2048K, 1 young (2048K), 1 survivors (2048K)
 Metaspace       used 17802K, committed 17984K, reserved 1114112K
  class space    used 1888K, committed 1984K, reserved 1048576K
}

Deoptimization events (20 events):
Event: 1.938 Thread 0x00000206d86d0cd0 Uncommon trap: trap_request=0xffffff45 fr.pc=0x0000020687af8a8c relative=0x000000000000018c
Event: 1.938 Thread 0x00000206d86d0cd0 Uncommon trap: reason=unstable_if action=reinterpret pc=0x0000020687af8a8c method=java.lang.String.equals(Ljava/lang/Object;)Z @ 33 c2
Event: 1.938 Thread 0x00000206d86d0cd0 DEOPT PACKING pc=0x0000020687af8a8c sp=0x000000829f9f5710
Event: 1.938 Thread 0x00000206d86d0cd0 DEOPT UNPACKING pc=0x00000206875823a3 sp=0x000000829f9f56a0 mode 2
Event: 2.002 Thread 0x00000206d86d0cd0 Uncommon trap: trap_request=0xffffffde fr.pc=0x0000020687b5ab34 relative=0x0000000000000114
Event: 2.002 Thread 0x00000206d86d0cd0 Uncommon trap: reason=class_check action=maybe_recompile pc=0x0000020687b5ab34 method=jdk.internal.misc.Unsafe.allocateUninitializedArray(Ljava/lang/Class;I)Ljava/lang/Object; @ 51 c2
Event: 2.002 Thread 0x00000206d86d0cd0 DEOPT PACKING pc=0x0000020687b5ab34 sp=0x000000829f9fb070
Event: 2.002 Thread 0x00000206d86d0cd0 DEOPT UNPACKING pc=0x00000206875823a3 sp=0x000000829f9faff8 mode 2
Event: 2.002 Thread 0x00000206d86d0cd0 Uncommon trap: trap_request=0xffffffde fr.pc=0x0000020687b5ab34 relative=0x0000000000000114
Event: 2.002 Thread 0x00000206d86d0cd0 Uncommon trap: reason=class_check action=maybe_recompile pc=0x0000020687b5ab34 method=jdk.internal.misc.Unsafe.allocateUninitializedArray(Ljava/lang/Class;I)Ljava/lang/Object; @ 51 c2
Event: 2.002 Thread 0x00000206d86d0cd0 DEOPT PACKING pc=0x0000020687b5ab34 sp=0x000000829f9fac30
Event: 2.002 Thread 0x00000206d86d0cd0 DEOPT UNPACKING pc=0x00000206875823a3 sp=0x000000829f9fabb8 mode 2
Event: 2.003 Thread 0x00000206d86d0cd0 Uncommon trap: trap_request=0xffffffde fr.pc=0x0000020687b5ab34 relative=0x0000000000000114
Event: 2.003 Thread 0x00000206d86d0cd0 Uncommon trap: reason=class_check action=maybe_recompile pc=0x0000020687b5ab34 method=jdk.internal.misc.Unsafe.allocateUninitializedArray(Ljava/lang/Class;I)Ljava/lang/Object; @ 51 c2
Event: 2.003 Thread 0x00000206d86d0cd0 DEOPT PACKING pc=0x0000020687b5ab34 sp=0x000000829f9fa660
Event: 2.003 Thread 0x00000206d86d0cd0 DEOPT UNPACKING pc=0x00000206875823a3 sp=0x000000829f9fa5e8 mode 2
Event: 2.003 Thread 0x00000206d86d0cd0 Uncommon trap: trap_request=0xffffffde fr.pc=0x0000020687b5ab34 relative=0x0000000000000114
Event: 2.003 Thread 0x00000206d86d0cd0 Uncommon trap: reason=class_check action=maybe_recompile pc=0x0000020687b5ab34 method=jdk.internal.misc.Unsafe.allocateUninitializedArray(Ljava/lang/Class;I)Ljava/lang/Object; @ 51 c2
Event: 2.003 Thread 0x00000206d86d0cd0 DEOPT PACKING pc=0x0000020687b5ab34 sp=0x000000829f9fa220
Event: 2.003 Thread 0x00000206d86d0cd0 DEOPT UNPACKING pc=0x00000206875823a3 sp=0x000000829f9fa1a8 mode 2

Classes unloaded (0 events):
No events

Classes redefined (0 events):
No events

Internal exceptions (19 events):
Event: 0.278 Thread 0x00000206f3938220 Exception <a 'java/lang/ClassNotFoundException'{0x0000000713b59910}: sun/awt/resources/spi/awtProvider> (0x0000000713b59910) 
thrown [s\open\src\hotspot\share\classfile\systemDictionary.cpp, line 256]
Event: 0.305 Thread 0x00000206f3938220 Exception <a 'java/io/FileNotFoundException'{0x0000000713ba0588}> (0x0000000713ba0588) 
thrown [s\open\src\hotspot\share\prims\jni.cpp, line 516]
Event: 0.310 Thread 0x00000206f3938220 Exception <a 'java/io/FileNotFoundException'{0x0000000713bcd4f0}> (0x0000000713bcd4f0) 
thrown [s\open\src\hotspot\share\prims\jni.cpp, line 516]
Event: 0.374 Thread 0x00000206f3938220 Exception <a 'java/lang/NoSuchMethodError'{0x0000000713880090}: 'java.lang.Object java.lang.invoke.DirectMethodHandle$Holder.invokeStaticInit(java.lang.Object)'> (0x0000000713880090) 
thrown [s\open\src\hotspot\share\interpreter\linkResolver.cpp, line 759]
Event: 0.414 Thread 0x00000206f3938220 Exception <a 'java/lang/NoSuchMethodError'{0x00000007138b2940}: 'void java.lang.invoke.DirectMethodHandle$Holder.invokeSpecial(java.lang.Object, java.lang.Object, java.lang.Object)'> (0x00000007138b2940) 
thrown [s\open\src\hotspot\share\interpreter\linkResolver.cpp, line 759]
Event: 0.431 Thread 0x00000206f3938220 Exception <a 'java/lang/NoSuchMethodError'{0x0000000713936db0}: 'void java.lang.invoke.DirectMethodHandle$Holder.invokeStaticInit(java.lang.Object)'> (0x0000000713936db0) 
thrown [s\open\src\hotspot\share\interpreter\linkResolver.cpp, line 759]
Event: 0.437 Thread 0x00000206f3938220 Exception <a 'java/lang/NoSuchMethodError'{0x000000071395b270}: 'java.lang.Object java.lang.invoke.DirectMethodHandle$Holder.newInvokeSpecial(java.lang.Object, java.lang.Object, java.lang.Object, java.lang.Object, java.lang.Object)'> (0x000000071395b270) 
thrown [s\open\src\hotspot\share\interpreter\linkResolver.cpp, line 759]
Event: 0.439 Thread 0x00000206f3938220 Exception <a 'java/lang/NoSuchMethodError'{0x0000000713966c38}: 'java.lang.Object java.lang.invoke.DirectMethodHandle$Holder.invokeStatic(java.lang.Object, int, java.lang.Object, java.lang.Object, java.lang.Object, java.lang.Object)'> (0x0000000713966c38) 
thrown [s\open\src\hotspot\share\interpreter\linkResolver.cpp, line 759]
Event: 0.443 Thread 0x00000206f3938220 Exception <a 'java/lang/NoSuchMethodError'{0x000000071398c3f8}: 'java.lang.Object java.lang.invoke.DirectMethodHandle$Holder.invokeStatic(java.lang.Object, int, java.lang.Object)'> (0x000000071398c3f8) 
thrown [s\open\src\hotspot\share\interpreter\linkResolver.cpp, line 759]
Event: 0.462 Thread 0x00000206f3938220 Exception <a 'java/lang/ClassNotFoundException'{0x000000071360cab0}: com/sun/java/swing/plaf/windows/resources/spi/windowsProvider> (0x000000071360cab0) 
thrown [s\open\src\hotspot\share\classfile\systemDictionary.cpp, line 256]
Event: 0.463 Thread 0x00000206f3938220 Exception <a 'java/lang/ClassNotFoundException'{0x0000000713610db8}: com/sun/swing/internal/plaf/basic/resources/spi/basicProvider> (0x0000000713610db8) 
thrown [s\open\src\hotspot\share\classfile\systemDictionary.cpp, line 256]
Event: 0.469 Thread 0x00000206f3938220 Exception <a 'java/lang/NoSuchMethodError'{0x000000071361f7e0}: 'java.lang.Object java.lang.invoke.DirectMethodHandle$Holder.invokeStatic(java.lang.Object, java.lang.Object, int, java.lang.Object)'> (0x000000071361f7e0) 
thrown [s\open\src\hotspot\share\interpreter\linkResolver.cpp, line 759]
Event: 0.470 Thread 0x00000206f3938220 Exception <a 'java/lang/NoSuchMethodError'{0x0000000713626498}: 'java.lang.Object java.lang.invoke.DirectMethodHandle$Holder.newInvokeSpecial(java.lang.Object, java.lang.Object, int)'> (0x0000000713626498) 
thrown [s\open\src\hotspot\share\interpreter\linkResolver.cpp, line 759]
Event: 0.894 Thread 0x00000206d86d0cd0 Exception <a 'java/lang/NoSuchMethodError'{0x0000000713d79fd8}: 'void java.lang.invoke.DirectMethodHandle$Holder.invokeStatic(java.lang.Object, java.lang.Object, java.lang.Object)'> (0x0000000713d79fd8) 
thrown [s\open\src\hotspot\share\interpreter\linkResolver.cpp, line 759]
Event: 0.925 Thread 0x00000206d8512290 Exception <a 'java/lang/NoSuchMethodError'{0x0000000713ae1120}: 'void java.lang.invoke.DirectMethodHandle$Holder.invokeVirtual(java.lang.Object, java.lang.Object)'> (0x0000000713ae1120) 
thrown [s\open\src\hotspot\share\interpreter\linkResolver.cpp, line 759]
Event: 1.257 Thread 0x00000206d86d0cd0 Exception <a 'java/lang/NoSuchMethodError'{0x0000000713999168}: 'int java.lang.invoke.DirectMethodHandle$Holder.invokeStaticInit(java.lang.Object, java.lang.Object, java.lang.Object)'> (0x0000000713999168) 
thrown [s\open\src\hotspot\share\interpreter\linkResolver.cpp, line 759]
Event: 1.275 Thread 0x00000206d86d0cd0 Exception <a 'java/lang/NoSuchMethodError'{0x00000007136a4b48}: 'double java.lang.invoke.DirectMethodHandle$Holder.invokeStatic(java.lang.Object, double)'> (0x00000007136a4b48) 
thrown [s\open\src\hotspot\share\interpreter\linkResolver.cpp, line 759]
Event: 1.275 Thread 0x00000206d86d0cd0 Exception <a 'java/lang/NoSuchMethodError'{0x00000007136a85a8}: 'double java.lang.invoke.DirectMethodHandle$Holder.invokeStaticInit(java.lang.Object, double)'> (0x00000007136a85a8) 
thrown [s\open\src\hotspot\share\interpreter\linkResolver.cpp, line 759]
Event: 1.281 Thread 0x00000206d86d0cd0 Exception <a 'java/lang/NoSuchMethodError'{0x00000007136e1320}: 'java.lang.Object java.lang.invoke.DirectMethodHandle$Holder.newInvokeSpecial(java.lang.Object, double)'> (0x00000007136e1320) 
thrown [s\open\src\hotspot\share\interpreter\linkResolver.cpp, line 759]

VM Operations (16 events):
Event: 0.180 Executing VM operation: HandshakeAllThreads
Event: 0.180 Executing VM operation: HandshakeAllThreads done
Event: 0.237 Executing VM operation: HandshakeAllThreads
Event: 0.237 Executing VM operation: HandshakeAllThreads done
Event: 0.748 Executing VM operation: G1CollectForAllocation
Event: 0.753 Executing VM operation: G1CollectForAllocation done
Event: 0.839 Executing VM operation: HandshakeAllThreads
Event: 0.839 Executing VM operation: HandshakeAllThreads done
Event: 0.893 Executing VM operation: HandshakeAllThreads
Event: 0.893 Executing VM operation: HandshakeAllThreads done
Event: 0.918 Executing VM operation: HandshakeAllThreads
Event: 0.918 Executing VM operation: HandshakeAllThreads done
Event: 1.639 Executing VM operation: G1CollectForAllocation
Event: 1.643 Executing VM operation: G1CollectForAllocation done
Event: 2.653 Executing VM operation: Cleanup
Event: 2.653 Executing VM operation: Cleanup done

Events (20 events):
Event: 1.905 loading class java/awt/KeyboardFocusManager$HeavyweightFocusRequest
Event: 1.905 loading class java/awt/KeyboardFocusManager$HeavyweightFocusRequest done
Event: 1.905 loading class java/awt/KeyboardFocusManager$LightweightFocusRequest
Event: 1.905 loading class java/awt/KeyboardFocusManager$LightweightFocusRequest done
Event: 1.913 loading class sun/java2d/d3d/D3DSurfaceData$D3DWindowSurfaceData
Event: 1.913 loading class sun/java2d/d3d/D3DSurfaceData
Event: 1.914 loading class sun/java2d/pipe/hw/AccelSurface
Event: 1.914 loading class sun/java2d/pipe/hw/AccelSurface done
Event: 1.914 loading class sun/java2d/d3d/D3DSurfaceData done
Event: 1.914 loading class sun/java2d/d3d/D3DSurfaceData$D3DWindowSurfaceData done
Event: 1.914 loading class java/awt/geom/Rectangle2D$Double
Event: 1.915 loading class java/awt/geom/Rectangle2D$Double done
Event: 1.915 loading class java/awt/geom/RectIterator
Event: 1.915 loading class java/awt/geom/PathIterator
Event: 1.915 loading class java/awt/geom/PathIterator done
Event: 1.915 loading class java/awt/geom/RectIterator done
Event: 1.923 loading class java/io/NotSerializableException
Event: 1.923 loading class java/io/ObjectStreamException
Event: 1.923 loading class java/io/ObjectStreamException done
Event: 1.923 loading class java/io/NotSerializableException done


Dynamic libraries:
0x00007ff78c530000 - 0x00007ff78c540000 	C:\Program Files\Java\jdk-17\bin\java.exe
0x00007ffea9220000 - 0x00007ffea9488000 	C:\Windows\SYSTEM32\ntdll.dll
0x00007ffea7b00000 - 0x00007ffea7bc9000 	C:\Windows\System32\KERNEL32.DLL
0x00007ffea6400000 - 0x00007ffea67f8000 	C:\Windows\System32\KERNELBASE.dll
0x00007ffea6800000 - 0x00007ffea694b000 	C:\Windows\System32\ucrtbase.dll
0x00007ffe862e0000 - 0x00007ffe862fb000 	C:\Program Files\Java\jdk-17\bin\VCRUNTIME140.dll
0x00007ffe86300000 - 0x00007ffe86319000 	C:\Program Files\Java\jdk-17\bin\jli.dll
0x00007ffea70e0000 - 0x00007ffea7194000 	C:\Windows\System32\ADVAPI32.dll
0x00007ffea7420000 - 0x00007ffea74c9000 	C:\Windows\System32\msvcrt.dll
0x00007ffea7bd0000 - 0x00007ffea7c76000 	C:\Windows\System32\sechost.dll
0x00007ffea74d0000 - 0x00007ffea75e8000 	C:\Windows\System32\RPCRT4.dll
0x00007ffea7930000 - 0x00007ffea7af7000 	C:\Windows\System32\USER32.dll
0x00007ffea6d70000 - 0x00007ffea6d97000 	C:\Windows\System32\win32u.dll
0x00007ffea71a0000 - 0x00007ffea71cb000 	C:\Windows\System32\GDI32.dll
0x00007ffea6a10000 - 0x00007ffea6b3c000 	C:\Windows\System32\gdi32full.dll
0x00007ffea6b40000 - 0x00007ffea6be3000 	C:\Windows\System32\msvcp_win.dll
0x00007ffe6f410000 - 0x00007ffe6f6a4000 	C:\Windows\WinSxS\amd64_microsoft.windows.common-controls_6595b64144ccf1df_6.0.26100.7019_none_3e06ffa0e335b8a8\COMCTL32.dll
0x00007ffe9b040000 - 0x00007ffe9b04b000 	C:\Windows\SYSTEM32\VERSION.dll
0x00007ffea8e10000 - 0x00007ffea8e41000 	C:\Windows\System32\IMM32.DLL
0x00007ffe885e0000 - 0x00007ffe885ec000 	C:\Program Files\Java\jdk-17\bin\vcruntime140_1.dll
0x00007ffe854c0000 - 0x00007ffe8554e000 	C:\Program Files\Java\jdk-17\bin\msvcp140.dll
0x00007ffe807d0000 - 0x00007ffe813b0000 	C:\Program Files\Java\jdk-17\bin\server\jvm.dll
0x00007ffea7410000 - 0x00007ffea7418000 	C:\Windows\System32\PSAPI.DLL
0x00007ffe68bb0000 - 0x00007ffe68bba000 	C:\Windows\SYSTEM32\WSOCK32.dll
0x00007ffea7830000 - 0x00007ffea78a4000 	C:\Windows\System32\WS2_32.dll
0x00007ffe9b110000 - 0x00007ffe9b145000 	C:\Windows\SYSTEM32\WINMM.dll
0x00007ffea5130000 - 0x00007ffea514b000 	C:\Windows\SYSTEM32\kernel.appcore.dll
0x00007ffe86580000 - 0x00007ffe8658a000 	C:\Program Files\Java\jdk-17\bin\jimage.dll
0x00007ffea3980000 - 0x00007ffea3bc2000 	C:\Windows\SYSTEM32\DBGHELP.DLL
0x00007ffea8e50000 - 0x00007ffea91db000 	C:\Windows\System32\combase.dll
0x00007ffea7000000 - 0x00007ffea70d7000 	C:\Windows\System32\OLEAUT32.dll
0x00007ffe8ec00000 - 0x00007ffe8ec3c000 	C:\Windows\SYSTEM32\dbgcore.DLL
0x00007ffea6da0000 - 0x00007ffea6e45000 	C:\Windows\System32\bcryptPrimitives.dll
0x00007ffe862b0000 - 0x00007ffe862d5000 	C:\Program Files\Java\jdk-17\bin\java.dll
0x00007ffe85120000 - 0x00007ffe851f7000 	C:\Program Files\Java\jdk-17\bin\jsvml.dll
0x00007ffea7cd0000 - 0x00007ffea841f000 	C:\Windows\System32\SHELL32.dll
0x00007ffea6e50000 - 0x00007ffea6fbb000 	C:\Windows\System32\wintypes.dll
0x00007ffea3fb0000 - 0x00007ffea480d000 	C:\Windows\SYSTEM32\windows.storage.dll
0x00007ffea8bb0000 - 0x00007ffea8ca2000 	C:\Windows\System32\SHCORE.dll
0x00007ffea78b0000 - 0x00007ffea7917000 	C:\Windows\System32\shlwapi.dll
0x00007ffea61f0000 - 0x00007ffea6219000 	C:\Windows\SYSTEM32\profapi.dll
0x00007ffe85840000 - 0x00007ffe85859000 	C:\Program Files\Java\jdk-17\bin\net.dll
0x00007ffe94270000 - 0x00007ffe94398000 	C:\Windows\SYSTEM32\WINHTTP.dll
0x00007ffea56a0000 - 0x00007ffea570b000 	C:\Windows\system32\mswsock.dll
0x00007ffe85820000 - 0x00007ffe85836000 	C:\Program Files\Java\jdk-17\bin\nio.dll
0x00007ffe85800000 - 0x00007ffe85818000 	C:\Program Files\Java\jdk-17\bin\zip.dll
0x00007ffe7c1e0000 - 0x00007ffe7d22f000 	C:\Users\dinig\.skiko\ed40a5bce6e1e7d4dcecd8cd2db496c343d4d3d9e81abbdb09dee4bf7542e8cb\skiko-windows-x64.dll
0x00007ffea2770000 - 0x00007ffea27a0000 	C:\Windows\SYSTEM32\dwmapi.dll
0x00007ffe81b10000 - 0x00007ffe81ca1000 	C:\Program Files\Java\jdk-17\bin\awt.dll
0x00007ffe9fdd0000 - 0x00007ffe9fe6f000 	C:\Windows\SYSTEM32\apphelp.dll
0x00007ffea2670000 - 0x00007ffea271a000 	C:\Windows\system32\uxtheme.dll
0x00007ffe6e960000 - 0x00007ffe6e9bc000 	C:\Program Files\Folder Guard\FGH64.dll
0x00007ffea7250000 - 0x00007ffea73e7000 	C:\Windows\System32\ole32.dll
0x00007ffe92c10000 - 0x00007ffe92c1c000 	C:\Windows\SYSTEM32\FLTLIB.DLL
0x00007ffe8f4b0000 - 0x00007ffe8f4d1000 	C:\Windows\SYSTEM32\MPR.dll
0x00007ffe9fda0000 - 0x00007ffe9fdca000 	C:\Windows\SYSTEM32\WTSAPI32.dll
0x00007ffea6bf0000 - 0x00007ffea6d67000 	C:\Windows\System32\CRYPT32.dll
0x00007ffea53d0000 - 0x00007ffea5419000 	C:\Windows\SYSTEM32\SspiCli.dll
0x00007ffea89c0000 - 0x00007ffea8b1e000 	C:\Windows\System32\MSCTF.dll
0x00007ffe7f450000 - 0x00007ffe7f55c000 	C:\Windows\system32\opengl32.dll
0x00007ffe84960000 - 0x00007ffe8498d000 	C:\Windows\SYSTEM32\GLU32.dll
0x00007ffea2d70000 - 0x00007ffea2db3000 	C:\Windows\SYSTEM32\dxcore.dll
0x00007ffe820b0000 - 0x00007ffe82137000 	C:\Program Files\Java\jdk-17\bin\freetype.dll
0x00007ffe7f360000 - 0x00007ffe7f441000 	C:\Program Files\Java\jdk-17\bin\fontmanager.dll
0x00007ffe85080000 - 0x00007ffe85087000 	C:\Program Files\Java\jdk-17\bin\jawt.dll
0x00007ffea3e40000 - 0x00007ffea3f79000 	C:\Windows\SYSTEM32\Dxgi.dll
0x00007ffea6250000 - 0x00007ffea62ae000 	C:\Windows\SYSTEM32\powrprof.dll
0x00007ffea61d0000 - 0x00007ffea61e4000 	C:\Windows\SYSTEM32\UMPDC.dll
0x00007ffe9dd20000 - 0x00007ffe9dd83000 	C:\Windows\SYSTEM32\directxdatabasehelper.dll
0x00007ffea5ec0000 - 0x00007ffea5f17000 	C:\Windows\SYSTEM32\cfgmgr32.dll
0x00007ffdf5640000 - 0x00007ffdf5663000 	C:\Windows\SYSTEM32\D3D12.dll
0x00007ffdf4540000 - 0x00007ffdf4898000 	C:\Windows\SYSTEM32\D3D12Core.dll
0x00007ffdf4430000 - 0x00007ffdf44b4000 	C:\Windows\System32\DriverStore\FileRepository\iigd_dch.inf_amd64_3039fc36da7a806b\igdext64.dll
0x00007ffea6220000 - 0x00007ffea624a000 	C:\Windows\SYSTEM32\bcrypt.dll
0x00007ffe9abc0000 - 0x00007ffe9ac13000 	C:\Windows\System32\DriverStore\FileRepository\iigd_dch.inf_amd64_3039fc36da7a806b\igdgmm2_64.dll
0x00007ffe9a400000 - 0x00007ffe9a9ab000 	C:\Windows\System32\DriverStore\FileRepository\iigd_dch.inf_amd64_3039fc36da7a806b\igdgmm64.dll
0x00007ffe81a90000 - 0x00007ffe81b02000 	C:\Windows\System32\DriverStore\FileRepository\iigd_dch.inf_amd64_3039fc36da7a806b\igd12umd64.dll
0x00007ffe78970000 - 0x00007ffe7ac4f000 	C:\Windows\System32\DriverStore\FileRepository\iigd_dch.inf_amd64_3039fc36da7a806b\igd12um64xel.dll
0x00007ffe53830000 - 0x00007ffe538df000 	C:\Windows\System32\DriverStore\FileRepository\iigd_dch.inf_amd64_3039fc36da7a806b\IntelControlLib.dll
0x00007ffea3bd0000 - 0x00007ffea3e32000 	C:\Windows\SYSTEM32\d3d11.dll
0x00007ffe94b30000 - 0x00007ffe99de4000 	C:\Windows\System32\DriverStore\FileRepository\iigd_dch.inf_amd64_3039fc36da7a806b\igc64.dll
0x00007ffdf4aa0000 - 0x00007ffdf4b85000 	C:\Windows\SYSTEM32\D3DSCache.dll
0x00007ffea5750000 - 0x00007ffea577b000 	C:\Windows\SYSTEM32\USERENV.dll
0x00007ffe7be80000 - 0x00007ffe7c1d9000 	C:\Windows\System32\DriverStore\FileRepository\iigd_dch.inf_amd64_3039fc36da7a806b\igd12dxva64.dll
0x00007ffea8430000 - 0x00007ffea88ba000 	C:\Windows\System32\SETUPAPI.dll
0x00007ffe8b8f0000 - 0x00007ffe8cea7000 	C:\Windows\System32\DriverStore\FileRepository\iigd_dch.inf_amd64_3039fc36da7a806b\igddxvacommon64.dll
0x00007ffe88da0000 - 0x00007ffe8ae73000 	C:\Windows\System32\DriverStore\FileRepository\iigd_dch.inf_amd64_3039fc36da7a806b\media_bin_64.dll
0x00007ffe88d70000 - 0x00007ffe88d98000 	C:\Windows\System32\DriverStore\FileRepository\iigd_dch.inf_amd64_3039fc36da7a806b\igdinfo64.dll
0x00007ffea5960000 - 0x00007ffea597b000 	C:\Windows\SYSTEM32\CRYPTSP.dll
0x00007ffea5090000 - 0x00007ffea50ca000 	C:\Windows\system32\rsaenh.dll
0x00007ffea5980000 - 0x00007ffea598c000 	C:\Windows\SYSTEM32\CRYPTBASE.dll
0x00007ffea3400000 - 0x00007ffea3667000 	C:\Windows\SYSTEM32\dwrite.dll
0x00007ffe9f360000 - 0x00007ffe9f583000 	C:\Windows\SYSTEM32\dcomp.dll
0x00007ffe9ec70000 - 0x00007ffe9ec89000 	C:\Windows\SYSTEM32\Microsoft.Internal.WarpPal.dll

dbghelp: loaded successfully - version: 4.0.5 - missing functions: none
symbol engine: initialized successfully - sym options: 0x614 - pdb path: .;C:\Program Files\Java\jdk-17\bin;C:\Windows\SYSTEM32;C:\Windows\WinSxS\amd64_microsoft.windows.common-controls_6595b64144ccf1df_6.0.26100.7019_none_3e06ffa0e335b8a8;C:\Program Files\Java\jdk-17\bin\server;C:\Users\dinig\.skiko\ed40a5bce6e1e7d4dcecd8cd2db496c343d4d3d9e81abbdb09dee4bf7542e8cb;C:\Program Files\Folder Guard;C:\Windows\System32\DriverStore\FileRepository\iigd_dch.inf_amd64_3039fc36da7a806b

VM Arguments:
jvm_args: -Dcompose.application.configure.swing.globals=true -Dcompose.application.resources.dir=C:\t\LogCatViewer\build\compose\tmp\prepareAppResources -Dfile.encoding=windows-1255 -Duser.country=IL -Duser.language=he -Duser.variant 
java_command: MainKt
java_class_path (initial): C:\t\LogCatViewer\build\libs\LogcatViewer-1.0.0.jar;C:\Users\dinig\.gradle\caches\modules-2\files-2.1\org.jetbrains.compose.desktop\desktop-jvm\1.5.11\3b461ec5c3f11ec2a6b169f6c7290415f7b60bf3\desktop-jvm-1.5.11.jar;C:\Users\dinig\.gradle\caches\modules-2\files-2.1\org.jetbrains.compose.material\material-desktop\1.5.11\ca0d754ede3fce975a8df534828a1753642bc87e\material-desktop-1.5.11.jar;C:\Users\dinig\.gradle\caches\modules-2\files-2.1\org.jetbrains.skiko\skiko-awt-runtime-windows-x64\0.7.85.4\ffc2f49550c96509f1cbbb6f744dc89c2f1d7e40\skiko-awt-runtime-windows-x64-0.7.85.4.jar;C:\Users\dinig\.gradle\caches\modules-2\files-2.1\org.jetbrains.compose.material\material-ripple-desktop\1.5.11\494966d7ed5d7143b7e67f10077f8f20ab9fa1ec\material-ripple-desktop-1.5.11.jar;C:\Users\dinig\.gradle\caches\modules-2\files-2.1\org.jetbrains.compose.foundation\foundation-desktop\1.5.11\8ed7fbae30be5411f111572ee7a5929622606152\foundation-desktop-1.5.11.jar;C:\Users\dinig\.gradle\caches\modules-2\files-2.1\org.jetbrains.compose.animation\animation-desktop\1.5.11\f1cbe23da9ecb37aa6b2b3e57b223327227b910a\animation-desktop-1.5.11.jar;C:\Users\dinig\.gradle\caches\modules-2\files-2.1\org.jetbrains.compose.animation\animation-core-desktop\1.5.11\c9cbe3824dd25e0152e9298574d24ec9ac61d016\animation-core-desktop-1.5.11.jar;C:\Users\dinig\.gradle\caches\modules-2\files-2.1\org.jetbrains.compose.foundation\foundation-layout-desktop\1.5.11\df30b80d1cc669e37290284ee3f27f27c3658e9f\foundation-layout-desktop-1.5.11.jar;C:\Users\dinig\.gradle\caches\modules-2\files-2.1\org.jetbrains.compose.material\material-icons-extended-desktop\1.5.11\b6f299f951e9fba2b1de8c5e797e7c7e03442c39\material-icons-extended-desktop-1.5.11.jar;C:\Users\dinig\.gradle\caches\modules-2\files-2.1\org.jetbrains.compose.material\material-icons-core-desktop\1.5.11\82faf5401b15358511cb941fd1306433ae12be77\material-icons-core-desktop-1.5.11.jar;C:\Users\dinig\.gradle\caches\modules-2\files-2.1\org.jetbrains
Launcher Type: SUN_STANDARD

[Global flags]
     intx CICompilerCount                          = 4                                         {product} {ergonomic}
     uint ConcGCThreads                            = 3                                         {product} {ergonomic}
     uint G1ConcRefinementThreads                  = 10                                        {product} {ergonomic}
   size_t G1HeapRegionSize                         = 2097152                                   {product} {ergonomic}
    uintx GCDrainStackTargetSize                   = 64                                        {product} {ergonomic}
   size_t InitialHeapSize                          = 264241152                                 {product} {ergonomic}
   size_t MarkStackSize                            = 4194304                                   {product} {ergonomic}
   size_t MaxHeapSize                              = 4223664128                                {product} {ergonomic}
   size_t MaxNewSize                               = 2533359616                                {product} {ergonomic}
   size_t MinHeapDeltaBytes                        = 2097152                                   {product} {ergonomic}
   size_t MinHeapSize                              = 8388608                                   {product} {ergonomic}
    uintx NonNMethodCodeHeapSize                   = 5839372                                {pd product} {ergonomic}
    uintx NonProfiledCodeHeapSize                  = 122909434                              {pd product} {ergonomic}
    uintx ProfiledCodeHeapSize                     = 122909434                              {pd product} {ergonomic}
    uintx ReservedCodeCacheSize                    = 251658240                              {pd product} {ergonomic}
     bool SegmentedCodeCache                       = true                                      {product} {ergonomic}
   size_t SoftMaxHeapSize                          = 4223664128                             {manageable} {ergonomic}
     bool UseCompressedClassPointers               = true                           {product lp64_product} {ergonomic}
     bool UseCompressedOops                        = true                           {product lp64_product} {ergonomic}
     bool UseG1GC                                  = true                                      {product} {ergonomic}
     bool UseLargePagesIndividualAllocation        = false                                  {pd product} {ergonomic}

Logging:
Log output configuration:
 #0: stdout all=warning uptime,level,tags
 #1: stderr all=off uptime,level,tags

Environment Variables:
JAVA_HOME=C:\Program Files\Java\jdk-17
CLASSPATH=C:\t\LogCatViewer\\gradle\wrapper\gradle-wrapper.jar
PATH=C:\Program Files\PowerShell\7;C:\Ruby32-x64\bin;C:\Program Files\Java\jdk-24\bin\java.exe;C:\ProgramData\Oracle\Java\javapath;C:\Program Files\Common Files\Oracle\Java\javapath;C:\Python313\Scripts\;C:\Python313\;C:\Program Files\NVIDIA GPU Computing Toolkit\CUDA\v12.8\bin;C:\Program Files\NVIDIA GPU Computing Toolkit\CUDA\v12.8\libnvvp;C:\Windows\system32;C:\Windows;C:\Windows\System32\Wbem;C:\Windows\System32\WindowsPowerShell\v1.0\;C:\Windows\System32\OpenSSH\;C:\Program Files (x86)\AOMEI\AOMEI Backupper\7.3.3;C:\Program Files\dotnet\;C:\Program Files (x86)\Microsoft SQL Server\160\DTS\Binn\;C:\Program Files\Microsoft SQL Server\150\Tools\Binn\;C:\Program Files\Microsoft SQL Server\Client SDK\ODBC\170\Tools\Binn\;C:\Program Files (x86)\Windows Live\Shared;C:\Program Files\NVIDIA Corporation\Nsight Compute 2025.1.0\;C:\Program Files (x86)\NVIDIA Corporation\PhysX\Common;C:\Program Files\Tesseract-OCR;C:\ProgramData\chocolatey\bin;C:\Program Files\Common Files\Oracle\Java\javapath_target_50286687\java.exe;C:\Program Files (x86)\APK Editor Studio\tools;C:\Program Files\nodejs\;C:\Program Files\WezTerm;C:\Program Files\Docker\Docker\resources\bin;C:\Program Files (x86)\Windows Kits\10\Windows Performance Toolkit\;C:\Program Files (x86)\Google\Cloud SDK\google-cloud-sdk\bin;C:\Program Files\Git\cmd;C:\Program Files\Git\mingw64\bin;C:\Program Files\Git\usr\bin;C:\Program Files\PowerToys\;C:\Program Files\PowerShell\7\;C:\Program Files\   -   \;C:\PY\Scripts\;C:\PY\;C:\Users\dinig\AppData\Local\Programs\Python\Python313\\;C:\Users\dinig\AppData\Local\Programs\Python\Python313\;C:\Users\dinig\.console-ninja\.bin;C:\Program Files (x86)\Microsoft Visual Studio\Common\Tools\WinNT;C:\Program Files (x86)\Microsoft Visual Studio\Common\MSDev98\Bin;C:\Program Files (x86)\Microsoft Visual Studio\Common\Tools;C:\Program Files (x86)\Microsoft Visual Studio\VC98\bin;C:\Users\dinig\AppData\Local\Microsoft\WindowsApps;C:\Users\dinig\AppDa
USERNAME=  
LANG=he_IL.UTF-8
OS=Windows_NT
PROCESSOR_IDENTIFIER=Intel64 Family 6 Model 186 Stepping 2, GenuineIntel



---------------  S Y S T E M  ---------------

OS:
 Windows 11 , 64 bit Build 26100 (10.0.26100.7019)
OS uptime: 0 days 22:20 hours

CPU: total 12 (initial active 12) (6 cores per cpu, 2 threads per core) family 6 model 186 stepping 2 microcode 0x4128, cx8, cmov, fxsr, ht, mmx, 3dnowpref, sse, sse2, sse3, ssse3, sse4.1, sse4.2, popcnt, lzcnt, tsc, tscinvbit, avx, avx2, aes, erms, clmul, bmi1, bmi2, adx, sha, fma, vzeroupper, clflush, clflushopt, clwb

Memory: 4k page, system-wide physical 16107M (989M free)
TotalPageFile size 25207M (AvailPageFile size 34M)
current process WorkingSet (physical memory assigned to process): 171M, peak: 174M
current process commit charge ("private bytes"): 438M, peak: 440M

vm_info: Java HotSpot(TM) 64-Bit Server VM (17.0.12+8-LTS-286) for windows-amd64 JRE (17.0.12+8-LTS-286), built on Jun  5 2024 06:46:59 by "mach5one" with MS VC++ 17.6 (VS2022)

END.
