#
# There is insufficient memory for the Java Runtime Environment to continue.
# Native memory allocation (malloc) failed to allocate 1126416 bytes for Chunk::new
# Possible reasons:
#   The system is out of physical RAM or swap space
#   The process is running with CompressedOops enabled, and the Java Heap may be blocking the growth of the native heap
# Possible solutions:
#   Reduce memory load on the system
#   Increase physical memory or swap space
#   Check if swap backing store is full
#   Decrease Java heap size (-Xmx/-Xms)
#   Decrease number of Java threads
#   Decrease Java thread stack sizes (-Xss)
#   Set larger code cache with -XX:ReservedCodeCacheSize=
#   JVM is running with Zero Based Compressed Oops mode in which the Java heap is
#     placed in the first 32GB address space. The Java Heap base address is the
#     maximum limit for the native heap growth. Please use -XX:HeapBaseMinAddress
#     to set the Java Heap base and to place the Java Heap above 32GB virtual address.
# This output file may be truncated or incomplete.
#
#  Out of Memory Error (arena.cpp:189), pid=13580, tid=24572
#
# JRE version: Java(TM) SE Runtime Environment (17.0.12+8) (build 17.0.12+8-LTS-286)
# Java VM: Java HotSpot(TM) 64-Bit Server VM (17.0.12+8-LTS-286, mixed mode, sharing, tiered, compressed oops, compressed class ptrs, g1 gc, windows-amd64)
# No core dump will be written. Minidumps are not enabled by default on client versions of Windows
#

---------------  S U M M A R Y ------------

Command Line: -Dcompose.application.configure.swing.globals=true -Dcompose.application.resources.dir=C:\t\LogCatViewer\build\compose\tmp\prepareAppResources -Dfile.encoding=windows-1255 -Duser.country=IL -Duser.language=he -Duser.variant MainKt

Host: 13th Gen Intel(R) Core(TM) i5-13420H, 12 cores, 15G,  Windows 11 , 64 bit Build 26100 (10.0.26100.7019)
Time: Sun Nov 23 13:25:51 2025  Windows 11 , 64 bit Build 26100 (10.0.26100.7019) elapsed time: 3.277811 seconds (0d 0h 0m 3s)

---------------  T H R E A D  ---------------

Current thread (0x000001b49f6d96c0):  JavaThread "C2 CompilerThread1" daemon [_thread_in_native, id=24572, stack(0x000000368b700000,0x000000368b800000)]


Current CompileTask:
C2:   3278 1447   !   4       jdk.internal.loader.BuiltinClassLoader::loadClassOrNull (143 bytes)

Stack: [0x000000368b700000,0x000000368b800000]
Native frames: (J=compiled Java code, j=interpreted, Vv=VM code, C=native code)
V  [jvm.dll+0x67a04a]
V  [jvm.dll+0x7da4ed]
V  [jvm.dll+0x7dbe33]
V  [jvm.dll+0x7dc4a3]
V  [jvm.dll+0x24508f]
V  [jvm.dll+0xab773]
V  [jvm.dll+0xabd3c]
V  [jvm.dll+0x2aa52f]
V  [jvm.dll+0x581eb9]
V  [jvm.dll+0x21f422]
V  [jvm.dll+0x21f81f]
V  [jvm.dll+0x218aa0]
V  [jvm.dll+0x215b65]
V  [jvm.dll+0x1a2960]
V  [jvm.dll+0x22610b]
V  [jvm.dll+0x2242ab]
V  [jvm.dll+0x79075c]
V  [jvm.dll+0x78abea]
V  [jvm.dll+0x678f35]
C  [ucrtbase.dll+0x37b0]
C  [KERNEL32.DLL+0x2e8d7]
C  [ntdll.dll+0x8c53c]


---------------  P R O C E S S  ---------------

Threads class SMR info:
_java_thread_list=0x000001b49f654340, length=22, elements={
0x000001b42f5cb0c0, 0x000001b45449c430, 0x000001b45449cff0, 0x000001b4544b3820,
0x000001b4544b6200, 0x000001b4544b6bc0, 0x000001b4544b7580, 0x000001b4544b8320,
0x000001b4544d4a60, 0x000001b4544defa0, 0x000001b4549bb9f0, 0x000001b4549e7b80,
0x000001b49a19eab0, 0x000001b49a19f360, 0x000001b49a19fc10, 0x000001b49a274c20,
0x000001b49a2421f0, 0x000001b49a300980, 0x000001b49a28a810, 0x000001b49a2893d0,
0x000001b49a288ec0, 0x000001b49f6d96c0
}

Java Threads: ( => current thread )
  0x000001b42f5cb0c0 JavaThread "main" [_thread_blocked, id=8988, stack(0x0000003688e00000,0x0000003688f00000)]
  0x000001b45449c430 JavaThread "Reference Handler" daemon [_thread_blocked, id=23448, stack(0x0000003689500000,0x0000003689600000)]
  0x000001b45449cff0 JavaThread "Finalizer" daemon [_thread_blocked, id=9584, stack(0x0000003689600000,0x0000003689700000)]
  0x000001b4544b3820 JavaThread "Signal Dispatcher" daemon [_thread_blocked, id=12212, stack(0x0000003689700000,0x0000003689800000)]
  0x000001b4544b6200 JavaThread "Attach Listener" daemon [_thread_blocked, id=22852, stack(0x0000003689800000,0x0000003689900000)]
  0x000001b4544b6bc0 JavaThread "Service Thread" daemon [_thread_blocked, id=5888, stack(0x0000003689900000,0x0000003689a00000)]
  0x000001b4544b7580 JavaThread "Monitor Deflation Thread" daemon [_thread_blocked, id=23700, stack(0x0000003689a00000,0x0000003689b00000)]
  0x000001b4544b8320 JavaThread "C2 CompilerThread0" daemon [_thread_blocked, id=17196, stack(0x0000003689b00000,0x0000003689c00000)]
  0x000001b4544d4a60 JavaThread "C1 CompilerThread0" daemon [_thread_blocked, id=9388, stack(0x0000003689c00000,0x0000003689d00000)]
  0x000001b4544defa0 JavaThread "Sweeper thread" daemon [_thread_blocked, id=10808, stack(0x0000003689d00000,0x0000003689e00000)]
  0x000001b4549bb9f0 JavaThread "Notification Thread" daemon [_thread_blocked, id=3596, stack(0x0000003689e00000,0x0000003689f00000)]
  0x000001b4549e7b80 JavaThread "Common-Cleaner" daemon [_thread_blocked, id=13260, stack(0x000000368a000000,0x000000368a100000)]
  0x000001b49a19eab0 JavaThread "Java2D Disposer" daemon [_thread_blocked, id=2604, stack(0x000000368a100000,0x000000368a200000)]
  0x000001b49a19f360 JavaThread "AWT-Shutdown" [_thread_blocked, id=11076, stack(0x000000368a200000,0x000000368a300000)]
  0x000001b49a19fc10 JavaThread "AWT-Windows" daemon [_thread_in_native, id=21920, stack(0x000000368a300000,0x000000368a400000)]
  0x000001b49a274c20 JavaThread "DefaultDispatcher-worker-1" daemon [_thread_blocked, id=17396, stack(0x000000368a400000,0x000000368a500000)]
  0x000001b49a2421f0 JavaThread "DefaultDispatcher-worker-2" daemon [_thread_blocked, id=24208, stack(0x000000368a500000,0x000000368a600000)]
  0x000001b49a300980 JavaThread "DefaultDispatcher-worker-3" daemon [_thread_blocked, id=21760, stack(0x000000368a600000,0x000000368a700000)]
  0x000001b49a28a810 JavaThread "Reference Cleaner" daemon [_thread_blocked, id=18216, stack(0x000000368a700000,0x000000368a800000)]
  0x000001b49a2893d0 JavaThread "kotlinx.coroutines.DefaultExecutor" daemon [_thread_blocked, id=23832, stack(0x000000368a800000,0x000000368a900000)]
  0x000001b49a288ec0 JavaThread "AWT-EventQueue-0" [_thread_in_native, id=8592, stack(0x000000368aa00000,0x000000368ab00000)]
=>0x000001b49f6d96c0 JavaThread "C2 CompilerThread1" daemon [_thread_in_native, id=24572, stack(0x000000368b700000,0x000000368b800000)]

Other Threads:
  0x000001b454497980 VMThread "VM Thread" [stack: 0x0000003689400000,0x0000003689500000] [id=22860]
  0x000001b4549e78f0 WatcherThread [stack: 0x0000003689f00000,0x000000368a000000] [id=1144]
  0x000001b431070a80 GCTaskThread "GC Thread#0" [stack: 0x0000003688f00000,0x0000003689000000] [id=12320]
  0x000001b454be4570 GCTaskThread "GC Thread#1" [stack: 0x000000368ab00000,0x000000368ac00000] [id=2652]
  0x000001b454be3230 GCTaskThread "GC Thread#2" [stack: 0x000000368ac00000,0x000000368ad00000] [id=16920]
  0x000001b454be4db0 GCTaskThread "GC Thread#3" [stack: 0x000000368ad00000,0x000000368ae00000] [id=10084]
  0x000001b454be3ff0 GCTaskThread "GC Thread#4" [stack: 0x000000368ae00000,0x000000368af00000] [id=18528]
  0x000001b454be34f0 GCTaskThread "GC Thread#5" [stack: 0x000000368af00000,0x000000368b000000] [id=23328]
  0x000001b454be37b0 GCTaskThread "GC Thread#6" [stack: 0x000000368b000000,0x000000368b100000] [id=24532]
  0x000001b49a78fb60 GCTaskThread "GC Thread#7" [stack: 0x000000368a900000,0x000000368aa00000] [id=19600]
  0x000001b49a78f320 GCTaskThread "GC Thread#8" [stack: 0x000000368b500000,0x000000368b600000] [id=14232]
  0x000001b49a7900e0 GCTaskThread "GC Thread#9" [stack: 0x000000368b600000,0x000000368b700000] [id=8940]
  0x000001b431082260 ConcurrentGCThread "G1 Main Marker" [stack: 0x0000003689000000,0x0000003689100000] [id=13268]
  0x000001b431085430 ConcurrentGCThread "G1 Conc#0" [stack: 0x0000003689100000,0x0000003689200000] [id=23704]
  0x000001b49a790660 ConcurrentGCThread "G1 Conc#1" [stack: 0x000000368b800000,0x000000368b900000] [id=23064]
  0x000001b49a7924a0 ConcurrentGCThread "G1 Conc#2" [stack: 0x000000368b900000,0x000000368ba00000] [id=15072]
  0x000001b4310be030 ConcurrentGCThread "G1 Refine#0" [stack: 0x0000003689200000,0x0000003689300000] [id=17352]
  0x000001b4310be900 ConcurrentGCThread "G1 Service" [stack: 0x0000003689300000,0x0000003689400000] [id=9032]

Threads with active compile tasks:
C2 CompilerThread1     3316 1447   !   4       jdk.internal.loader.BuiltinClassLoader::loadClassOrNull (143 bytes)

VM state: not at safepoint (normal execution)

VM Mutex/Monitor currently owned by a thread: None

Heap address: 0x0000000704400000, size: 4028 MB, Compressed Oops mode: Zero based, Oop shift amount: 3

CDS archive(s) mapped at: [0x000001b455000000-0x000001b455bd0000-0x000001b455bd0000), size 12386304, SharedBaseAddress: 0x000001b455000000, ArchiveRelocationMode: 1.
Compressed class space mapped at: 0x000001b456000000-0x000001b496000000, reserved size: 1073741824
Narrow klass base: 0x000001b455000000, Narrow klass shift: 0, Narrow klass range: 0x100000000

GC Precious Log:
 CPUs: 12 total, 12 available
 Memory: 16107M
 Large Page Support: Disabled
 NUMA Support: Disabled
 Compressed Oops: Enabled (Zero based)
 Heap Region Size: 2M
 Heap Min Capacity: 8M
 Heap Initial Capacity: 252M
 Heap Max Capacity: 4028M
 Pre-touch: Disabled
 Parallel Workers: 10
 Concurrent Workers: 3
 Concurrent Refinement Workers: 10
 Periodic GC: Disabled

Heap:
 garbage-first heap   total 40960K, used 7867K [0x0000000704400000, 0x0000000800000000)
  region size 2048K, 3 young (6144K), 2 survivors (4096K)
 Metaspace       used 21323K, committed 21568K, reserved 1114112K
  class space    used 2265K, committed 2368K, reserved 1048576K

Heap Regions: E=young(eden), S=young(survivor), O=old, HS=humongous(starts), HC=humongous(continues), CS=collection set, F=free, OA=open archive, CA=closed archive, TAMS=top-at-mark-start (previous, next)
|   0|0x0000000704400000, 0x0000000704600000, 0x0000000704600000|100%|HS|  |TAMS 0x0000000704600000, 0x0000000704400000| Complete 
|   1|0x0000000704600000, 0x0000000704800000, 0x0000000704800000|100%| O|  |TAMS 0x0000000704800000, 0x0000000704600000| Untracked 
|   2|0x0000000704800000, 0x0000000704955000, 0x0000000704a00000| 66%| O|  |TAMS 0x0000000704955000, 0x0000000704800000| Complete 
|   3|0x0000000704a00000, 0x0000000704a00000, 0x0000000704c00000|  0%| F|  |TAMS 0x0000000704a00000, 0x0000000704a00000| Untracked 
|   4|0x0000000704c00000, 0x0000000704c00000, 0x0000000704e00000|  0%| F|  |TAMS 0x0000000704c00000, 0x0000000704c00000| Untracked 
|   5|0x0000000704e00000, 0x0000000704e00000, 0x0000000705000000|  0%| F|  |TAMS 0x0000000704e00000, 0x0000000704e00000| Untracked 
|   6|0x0000000705000000, 0x0000000705000000, 0x0000000705200000|  0%| F|  |TAMS 0x0000000705000000, 0x0000000705000000| Untracked 
|   7|0x0000000705200000, 0x0000000705200000, 0x0000000705400000|  0%| F|  |TAMS 0x0000000705200000, 0x0000000705200000| Untracked 
|   8|0x0000000705400000, 0x0000000705400000, 0x0000000705600000|  0%| F|  |TAMS 0x0000000705400000, 0x0000000705400000| Untracked 
|   9|0x0000000705600000, 0x0000000705600000, 0x0000000705800000|  0%| F|  |TAMS 0x0000000705600000, 0x0000000705600000| Untracked 
|  10|0x0000000705800000, 0x0000000705800000, 0x0000000705a00000|  0%| F|  |TAMS 0x0000000705800000, 0x0000000705800000| Untracked 
|  11|0x0000000705a00000, 0x0000000705a00000, 0x0000000705c00000|  0%| F|  |TAMS 0x0000000705a00000, 0x0000000705a00000| Untracked 
|  12|0x0000000705c00000, 0x0000000705c00000, 0x0000000705e00000|  0%| F|  |TAMS 0x0000000705c00000, 0x0000000705c00000| Untracked 
|  13|0x0000000705e00000, 0x0000000705e00000, 0x0000000706000000|  0%| F|  |TAMS 0x0000000705e00000, 0x0000000705e00000| Untracked 
|  14|0x0000000706000000, 0x0000000706000000, 0x0000000706200000|  0%| F|  |TAMS 0x0000000706000000, 0x0000000706000000| Untracked 
|  15|0x0000000706200000, 0x0000000706200000, 0x0000000706400000|  0%| F|  |TAMS 0x0000000706200000, 0x0000000706200000| Untracked 
|  16|0x0000000706400000, 0x0000000706400000, 0x0000000706600000|  0%| F|  |TAMS 0x0000000706400000, 0x0000000706400000| Untracked 
| 117|0x0000000712e00000, 0x0000000712e59cc0, 0x0000000713000000| 17%| S|CS|TAMS 0x0000000712e00000, 0x0000000712e00000| Complete 
| 118|0x0000000713000000, 0x0000000713200000, 0x0000000713200000|100%| S|CS|TAMS 0x0000000713000000, 0x0000000713000000| Complete 
| 125|0x0000000713e00000, 0x0000000713ff2fd8, 0x0000000714000000| 97%| E|  |TAMS 0x0000000713e00000, 0x0000000713e00000| Complete 

Card table byte_map: [0x000001b448d50000,0x000001b449530000] _byte_map_base: 0x000001b44552e000

Marking Bits (Prev, Next): (CMBitMap*) 0x000001b4310710e0, (CMBitMap*) 0x000001b4310710a0
 Prev Bits: [0x000001b44dc00000, 0x000001b451af0000)
 Next Bits: [0x000001b449d10000, 0x000001b44dc00000)

Polling page: 0x000001b42f760000

Metaspace:

Usage:
  Non-class:     18.61 MB used.
      Class:      2.21 MB used.
       Both:     20.83 MB used.

Virtual space:
  Non-class space:       64.00 MB reserved,      18.75 MB ( 29%) committed,  1 nodes.
      Class space:        1.00 GB reserved,       2.31 MB ( <1%) committed,  1 nodes.
             Both:        1.06 GB reserved,      21.06 MB (  2%) committed. 

Chunk freelists:
   Non-Class:  12.59 MB
       Class:  13.59 MB
        Both:  26.18 MB

MaxMetaspaceSize: unlimited
CompressedClassSpaceSize: 1.00 GB
Initial GC threshold: 21.00 MB
Current GC threshold: 35.12 MB
CDS: on
MetaspaceReclaimPolicy: balanced
 - commit_granule_bytes: 65536.
 - commit_granule_words: 8192.
 - virtual_space_node_default_size: 8388608.
 - enlarge_chunks_in_place: 1.
 - new_chunks_are_fully_committed: 0.
 - uncommit_free_chunks: 1.
 - use_allocation_guard: 0.
 - handle_deallocations: 1.


Internal statistics:

num_allocs_failed_limit: 3.
num_arena_births: 132.
num_arena_deaths: 0.
num_vsnodes_births: 2.
num_vsnodes_deaths: 0.
num_space_committed: 337.
num_space_uncommitted: 0.
num_chunks_returned_to_freelist: 3.
num_chunks_taken_from_freelist: 672.
num_chunk_merges: 0.
num_chunk_splits: 566.
num_chunks_enlarged: 507.
num_inconsistent_stats: 0.

CodeHeap 'non-profiled nmethods': size=120000Kb used=588Kb max_used=588Kb free=119411Kb
 bounds [0x000001b4403a0000, 0x000001b440610000, 0x000001b4478d0000]
CodeHeap 'profiled nmethods': size=120000Kb used=2334Kb max_used=2334Kb free=117665Kb
 bounds [0x000001b4388d0000, 0x000001b438b40000, 0x000001b43fe00000]
CodeHeap 'non-nmethods': size=5760Kb used=1732Kb max_used=1743Kb free=4027Kb
 bounds [0x000001b43fe00000, 0x000001b440070000, 0x000001b4403a0000]
 total_blobs=2689 nmethods=1515 adapters=1087
 compilation: enabled
              stopped_count=0, restarted_count=0
 full_count=0

Compilation events (20 events):
Event: 2.233 Thread 0x000001b4544d4a60 1496       1       androidx.compose.ui.text.SpanStyle::getFontFeatureSettings (5 bytes)
Event: 2.234 Thread 0x000001b4544d4a60 nmethod 1496 0x000001b440430910 code [0x000001b440430aa0, 0x000001b440430b78]
Event: 2.234 Thread 0x000001b4544d4a60 1497       1       androidx.compose.ui.text.SpanStyle::getBaselineShift-5SSeXJ0 (5 bytes)
Event: 2.234 Thread 0x000001b4544d4a60 nmethod 1497 0x000001b440430c10 code [0x000001b440430da0, 0x000001b440430e78]
Event: 2.234 Thread 0x000001b4544d4a60 1500       3       java.lang.Class::getSimpleName (26 bytes)
Event: 2.234 Thread 0x000001b4544d4a60 nmethod 1500 0x000001b438b12c10 code [0x000001b438b12dc0, 0x000001b438b12fd8]
Event: 2.234 Thread 0x000001b4544d4a60 1502       3       org.jetbrains.skia.impl.Stats::onAllocated (38 bytes)
Event: 2.234 Thread 0x000001b4544d4a60 nmethod 1502 0x000001b438b13110 code [0x000001b438b13360, 0x000001b438b13d08]
Event: 2.234 Thread 0x000001b4544d4a60 1503       3       org.jetbrains.skia.impl.Cleaner::register (26 bytes)
Event: 2.235 Thread 0x000001b4544d4a60 nmethod 1503 0x000001b438b14010 code [0x000001b438b142a0, 0x000001b438b14dc8]
Event: 2.235 Thread 0x000001b4544d4a60 1504       3       org.jetbrains.skia.CanvasKt::access$_nTranslate (7 bytes)
Event: 2.235 Thread 0x000001b4544d4a60 nmethod 1504 0x000001b438b15190 code [0x000001b438b15320, 0x000001b438b15428]
Event: 2.235 Thread 0x000001b4544d4a60 1498       1       androidx.compose.ui.text.SpanStyle::getTextGeometricTransform (5 bytes)
Event: 2.235 Thread 0x000001b4544d4a60 nmethod 1498 0x000001b440431310 code [0x000001b4404314a0, 0x000001b440431578]
Event: 2.235 Thread 0x000001b4544d4a60 1499       1       androidx.compose.ui.text.SpanStyle::getBackground-0d7_KjU (5 bytes)
Event: 2.235 Thread 0x000001b4544d4a60 nmethod 1499 0x000001b440431610 code [0x000001b4404317a0, 0x000001b440431878]
Event: 2.235 Thread 0x000001b4544d4a60 1501       1       androidx.compose.runtime.external.kotlinx.collections.immutable.implementations.immutableMap.TrieNode::getBuffer$runtime (5 bytes)
Event: 2.235 Thread 0x000001b4544d4a60 nmethod 1501 0x000001b440431910 code [0x000001b440431aa0, 0x000001b440431b78]
Event: 2.235 Thread 0x000001b4544d4a60 1506       1       androidx.compose.ui.text.ParagraphStyle::getTextIndent (5 bytes)
Event: 2.235 Thread 0x000001b4544d4a60 nmethod 1506 0x000001b440431c10 code [0x000001b440431da0, 0x000001b440431e78]

GC Heap History (4 events):
Event: 1.027 GC heap before
{Heap before GC invocations=0 (full 0):
 garbage-first heap   total 258048K, used 22528K [0x0000000704400000, 0x0000000800000000)
  region size 2048K, 11 young (22528K), 0 survivors (0K)
 Metaspace       used 8486K, committed 8704K, reserved 1114112K
  class space    used 781K, committed 896K, reserved 1048576K
}
Event: 1.031 GC heap after
{Heap after GC invocations=1 (full 0):
 garbage-first heap   total 258048K, used 5597K [0x0000000704400000, 0x0000000800000000)
  region size 2048K, 2 young (4096K), 2 survivors (4096K)
 Metaspace       used 8486K, committed 8704K, reserved 1114112K
  class space    used 781K, committed 896K, reserved 1048576K
}
Event: 1.874 GC heap before
{Heap before GC invocations=1 (full 0):
 garbage-first heap   total 258048K, used 32221K [0x0000000704400000, 0x0000000800000000)
  region size 2048K, 16 young (32768K), 2 survivors (4096K)
 Metaspace       used 17822K, committed 18048K, reserved 1114112K
  class space    used 1878K, committed 1984K, reserved 1048576K
}
Event: 1.879 GC heap after
{Heap after GC invocations=2 (full 0):
 garbage-first heap   total 258048K, used 7067K [0x0000000704400000, 0x0000000800000000)
  region size 2048K, 1 young (2048K), 1 survivors (2048K)
 Metaspace       used 17822K, committed 18048K, reserved 1114112K
  class space    used 1878K, committed 1984K, reserved 1048576K
}

Deoptimization events (20 events):
Event: 2.130 Thread 0x000001b49a288ec0 Uncommon trap: trap_request=0xffffff45 fr.pc=0x000001b4403c878c relative=0x000000000000018c
Event: 2.130 Thread 0x000001b49a288ec0 Uncommon trap: reason=unstable_if action=reinterpret pc=0x000001b4403c878c method=java.lang.String.equals(Ljava/lang/Object;)Z @ 33 c2
Event: 2.130 Thread 0x000001b49a288ec0 DEOPT PACKING pc=0x000001b4403c878c sp=0x000000368aaf5870
Event: 2.130 Thread 0x000001b49a288ec0 DEOPT UNPACKING pc=0x000001b43fe523a3 sp=0x000000368aaf5800 mode 2
Event: 2.214 Thread 0x000001b49a288ec0 Uncommon trap: trap_request=0xffffffde fr.pc=0x000001b44042d5b4 relative=0x0000000000000114
Event: 2.214 Thread 0x000001b49a288ec0 Uncommon trap: reason=class_check action=maybe_recompile pc=0x000001b44042d5b4 method=jdk.internal.misc.Unsafe.allocateUninitializedArray(Ljava/lang/Class;I)Ljava/lang/Object; @ 51 c2
Event: 2.214 Thread 0x000001b49a288ec0 DEOPT PACKING pc=0x000001b44042d5b4 sp=0x000000368aaf68c0
Event: 2.214 Thread 0x000001b49a288ec0 DEOPT UNPACKING pc=0x000001b43fe523a3 sp=0x000000368aaf6848 mode 2
Event: 2.214 Thread 0x000001b49a288ec0 Uncommon trap: trap_request=0xffffffde fr.pc=0x000001b44042d5b4 relative=0x0000000000000114
Event: 2.214 Thread 0x000001b49a288ec0 Uncommon trap: reason=class_check action=maybe_recompile pc=0x000001b44042d5b4 method=jdk.internal.misc.Unsafe.allocateUninitializedArray(Ljava/lang/Class;I)Ljava/lang/Object; @ 51 c2
Event: 2.214 Thread 0x000001b49a288ec0 DEOPT PACKING pc=0x000001b44042d5b4 sp=0x000000368aaf6480
Event: 2.214 Thread 0x000001b49a288ec0 DEOPT UNPACKING pc=0x000001b43fe523a3 sp=0x000000368aaf6408 mode 2
Event: 2.215 Thread 0x000001b49a288ec0 Uncommon trap: trap_request=0xffffffde fr.pc=0x000001b44042d5b4 relative=0x0000000000000114
Event: 2.215 Thread 0x000001b49a288ec0 Uncommon trap: reason=class_check action=maybe_recompile pc=0x000001b44042d5b4 method=jdk.internal.misc.Unsafe.allocateUninitializedArray(Ljava/lang/Class;I)Ljava/lang/Object; @ 51 c2
Event: 2.215 Thread 0x000001b49a288ec0 DEOPT PACKING pc=0x000001b44042d5b4 sp=0x000000368aaf6190
Event: 2.215 Thread 0x000001b49a288ec0 DEOPT UNPACKING pc=0x000001b43fe523a3 sp=0x000000368aaf6118 mode 2
Event: 2.215 Thread 0x000001b49a288ec0 Uncommon trap: trap_request=0xffffffde fr.pc=0x000001b44042d5b4 relative=0x0000000000000114
Event: 2.215 Thread 0x000001b49a288ec0 Uncommon trap: reason=class_check action=maybe_recompile pc=0x000001b44042d5b4 method=jdk.internal.misc.Unsafe.allocateUninitializedArray(Ljava/lang/Class;I)Ljava/lang/Object; @ 51 c2
Event: 2.215 Thread 0x000001b49a288ec0 DEOPT PACKING pc=0x000001b44042d5b4 sp=0x000000368aaf5d50
Event: 2.215 Thread 0x000001b49a288ec0 DEOPT UNPACKING pc=0x000001b43fe523a3 sp=0x000000368aaf5cd8 mode 2

Classes unloaded (0 events):
No events

Classes redefined (0 events):
No events

Internal exceptions (19 events):
Event: 0.439 Thread 0x000001b42f5cb0c0 Exception <a 'java/lang/ClassNotFoundException'{0x0000000713b5baf0}: sun/awt/resources/spi/awtProvider> (0x0000000713b5baf0) 
thrown [s\open\src\hotspot\share\classfile\systemDictionary.cpp, line 256]
Event: 0.470 Thread 0x000001b42f5cb0c0 Exception <a 'java/io/FileNotFoundException'{0x0000000713ba2830}> (0x0000000713ba2830) 
thrown [s\open\src\hotspot\share\prims\jni.cpp, line 516]
Event: 0.476 Thread 0x000001b42f5cb0c0 Exception <a 'java/io/FileNotFoundException'{0x0000000713bcf798}> (0x0000000713bcf798) 
thrown [s\open\src\hotspot\share\prims\jni.cpp, line 516]
Event: 0.566 Thread 0x000001b42f5cb0c0 Exception <a 'java/lang/NoSuchMethodError'{0x000000071387c8c0}: 'java.lang.Object java.lang.invoke.DirectMethodHandle$Holder.invokeStaticInit(java.lang.Object)'> (0x000000071387c8c0) 
thrown [s\open\src\hotspot\share\interpreter\linkResolver.cpp, line 759]
Event: 0.616 Thread 0x000001b42f5cb0c0 Exception <a 'java/lang/NoSuchMethodError'{0x00000007138af170}: 'void java.lang.invoke.DirectMethodHandle$Holder.invokeSpecial(java.lang.Object, java.lang.Object, java.lang.Object)'> (0x00000007138af170) 
thrown [s\open\src\hotspot\share\interpreter\linkResolver.cpp, line 759]
Event: 0.639 Thread 0x000001b42f5cb0c0 Exception <a 'java/lang/NoSuchMethodError'{0x00000007139330a0}: 'void java.lang.invoke.DirectMethodHandle$Holder.invokeStaticInit(java.lang.Object)'> (0x00000007139330a0) 
thrown [s\open\src\hotspot\share\interpreter\linkResolver.cpp, line 759]
Event: 0.648 Thread 0x000001b42f5cb0c0 Exception <a 'java/lang/NoSuchMethodError'{0x0000000713957560}: 'java.lang.Object java.lang.invoke.DirectMethodHandle$Holder.newInvokeSpecial(java.lang.Object, java.lang.Object, java.lang.Object, java.lang.Object, java.lang.Object)'> (0x0000000713957560) 
thrown [s\open\src\hotspot\share\interpreter\linkResolver.cpp, line 759]
Event: 0.649 Thread 0x000001b42f5cb0c0 Exception <a 'java/lang/NoSuchMethodError'{0x0000000713962f28}: 'java.lang.Object java.lang.invoke.DirectMethodHandle$Holder.invokeStatic(java.lang.Object, int, java.lang.Object, java.lang.Object, java.lang.Object, java.lang.Object)'> (0x0000000713962f28) 
thrown [s\open\src\hotspot\share\interpreter\linkResolver.cpp, line 759]
Event: 0.654 Thread 0x000001b42f5cb0c0 Exception <a 'java/lang/NoSuchMethodError'{0x00000007139886e8}: 'java.lang.Object java.lang.invoke.DirectMethodHandle$Holder.invokeStatic(java.lang.Object, int, java.lang.Object)'> (0x00000007139886e8) 
thrown [s\open\src\hotspot\share\interpreter\linkResolver.cpp, line 759]
Event: 0.678 Thread 0x000001b42f5cb0c0 Exception <a 'java/lang/ClassNotFoundException'{0x0000000713609038}: com/sun/java/swing/plaf/windows/resources/spi/windowsProvider> (0x0000000713609038) 
thrown [s\open\src\hotspot\share\classfile\systemDictionary.cpp, line 256]
Event: 0.681 Thread 0x000001b42f5cb0c0 Exception <a 'java/lang/ClassNotFoundException'{0x000000071360d340}: com/sun/swing/internal/plaf/basic/resources/spi/basicProvider> (0x000000071360d340) 
thrown [s\open\src\hotspot\share\classfile\systemDictionary.cpp, line 256]
Event: 0.692 Thread 0x000001b42f5cb0c0 Exception <a 'java/lang/NoSuchMethodError'{0x000000071361bd68}: 'java.lang.Object java.lang.invoke.DirectMethodHandle$Holder.invokeStatic(java.lang.Object, java.lang.Object, int, java.lang.Object)'> (0x000000071361bd68) 
thrown [s\open\src\hotspot\share\interpreter\linkResolver.cpp, line 759]
Event: 0.692 Thread 0x000001b42f5cb0c0 Exception <a 'java/lang/NoSuchMethodError'{0x0000000713622a20}: 'java.lang.Object java.lang.invoke.DirectMethodHandle$Holder.newInvokeSpecial(java.lang.Object, java.lang.Object, int)'> (0x0000000713622a20) 
thrown [s\open\src\hotspot\share\interpreter\linkResolver.cpp, line 759]
Event: 1.182 Thread 0x000001b49a288ec0 Exception <a 'java/lang/NoSuchMethodError'{0x0000000713d81250}: 'void java.lang.invoke.DirectMethodHandle$Holder.invokeStatic(java.lang.Object, java.lang.Object, java.lang.Object)'> (0x0000000713d81250) 
thrown [s\open\src\hotspot\share\interpreter\linkResolver.cpp, line 759]
Event: 1.218 Thread 0x000001b49a19fc10 Exception <a 'java/lang/NoSuchMethodError'{0x0000000713adf6a8}: 'void java.lang.invoke.DirectMethodHandle$Holder.invokeVirtual(java.lang.Object, java.lang.Object)'> (0x0000000713adf6a8) 
thrown [s\open\src\hotspot\share\interpreter\linkResolver.cpp, line 759]
Event: 1.471 Thread 0x000001b49a288ec0 Exception <a 'java/lang/NoSuchMethodError'{0x00000007139a2498}: 'int java.lang.invoke.DirectMethodHandle$Holder.invokeStaticInit(java.lang.Object, java.lang.Object, java.lang.Object)'> (0x00000007139a2498) 
thrown [s\open\src\hotspot\share\interpreter\linkResolver.cpp, line 759]
Event: 1.488 Thread 0x000001b49a288ec0 Exception <a 'java/lang/NoSuchMethodError'{0x00000007136ae358}: 'double java.lang.invoke.DirectMethodHandle$Holder.invokeStatic(java.lang.Object, double)'> (0x00000007136ae358) 
thrown [s\open\src\hotspot\share\interpreter\linkResolver.cpp, line 759]
Event: 1.488 Thread 0x000001b49a288ec0 Exception <a 'java/lang/NoSuchMethodError'{0x00000007136b1db8}: 'double java.lang.invoke.DirectMethodHandle$Holder.invokeStaticInit(java.lang.Object, double)'> (0x00000007136b1db8) 
thrown [s\open\src\hotspot\share\interpreter\linkResolver.cpp, line 759]
Event: 1.495 Thread 0x000001b49a288ec0 Exception <a 'java/lang/NoSuchMethodError'{0x00000007136eab60}: 'java.lang.Object java.lang.invoke.DirectMethodHandle$Holder.newInvokeSpecial(java.lang.Object, double)'> (0x00000007136eab60) 
thrown [s\open\src\hotspot\share\interpreter\linkResolver.cpp, line 759]

VM Operations (16 events):
Event: 0.277 Executing VM operation: HandshakeAllThreads
Event: 0.277 Executing VM operation: HandshakeAllThreads done
Event: 0.375 Executing VM operation: HandshakeAllThreads
Event: 0.375 Executing VM operation: HandshakeAllThreads done
Event: 1.026 Executing VM operation: G1CollectForAllocation
Event: 1.031 Executing VM operation: G1CollectForAllocation done
Event: 1.119 Executing VM operation: HandshakeAllThreads
Event: 1.119 Executing VM operation: HandshakeAllThreads done
Event: 1.176 Executing VM operation: HandshakeAllThreads
Event: 1.176 Executing VM operation: HandshakeAllThreads done
Event: 1.210 Executing VM operation: HandshakeAllThreads
Event: 1.210 Executing VM operation: HandshakeAllThreads done
Event: 1.874 Executing VM operation: G1CollectForAllocation
Event: 1.880 Executing VM operation: G1CollectForAllocation done
Event: 2.884 Executing VM operation: Cleanup
Event: 2.884 Executing VM operation: Cleanup done

Events (20 events):
Event: 2.098 loading class java/awt/KeyboardFocusManager$HeavyweightFocusRequest
Event: 2.098 loading class java/awt/KeyboardFocusManager$HeavyweightFocusRequest done
Event: 2.098 loading class java/awt/KeyboardFocusManager$LightweightFocusRequest
Event: 2.098 loading class java/awt/KeyboardFocusManager$LightweightFocusRequest done
Event: 2.107 loading class sun/java2d/d3d/D3DSurfaceData$D3DWindowSurfaceData
Event: 2.108 loading class sun/java2d/d3d/D3DSurfaceData
Event: 2.108 loading class sun/java2d/pipe/hw/AccelSurface
Event: 2.108 loading class sun/java2d/pipe/hw/AccelSurface done
Event: 2.108 loading class sun/java2d/d3d/D3DSurfaceData done
Event: 2.108 loading class sun/java2d/d3d/D3DSurfaceData$D3DWindowSurfaceData done
Event: 2.108 loading class java/awt/geom/Rectangle2D$Double
Event: 2.109 loading class java/awt/geom/Rectangle2D$Double done
Event: 2.109 loading class java/awt/geom/RectIterator
Event: 2.109 loading class java/awt/geom/PathIterator
Event: 2.109 loading class java/awt/geom/PathIterator done
Event: 2.109 loading class java/awt/geom/RectIterator done
Event: 2.115 loading class java/io/NotSerializableException
Event: 2.115 loading class java/io/ObjectStreamException
Event: 2.115 loading class java/io/ObjectStreamException done
Event: 2.115 loading class java/io/NotSerializableException done


Dynamic libraries:
0x00007ff75ca80000 - 0x00007ff75ca90000 	C:\Program Files\Java\jdk-17\bin\java.exe
0x00007ffea9220000 - 0x00007ffea9488000 	C:\Windows\SYSTEM32\ntdll.dll
0x00007ffea7b00000 - 0x00007ffea7bc9000 	C:\Windows\System32\KERNEL32.DLL
0x00007ffea6400000 - 0x00007ffea67f8000 	C:\Windows\System32\KERNELBASE.dll
0x00007ffea6800000 - 0x00007ffea694b000 	C:\Windows\System32\ucrtbase.dll
0x00007ffe82460000 - 0x00007ffe82479000 	C:\Program Files\Java\jdk-17\bin\jli.dll
0x00007ffe824a0000 - 0x00007ffe824bb000 	C:\Program Files\Java\jdk-17\bin\VCRUNTIME140.dll
0x00007ffea70e0000 - 0x00007ffea7194000 	C:\Windows\System32\ADVAPI32.dll
0x00007ffea7420000 - 0x00007ffea74c9000 	C:\Windows\System32\msvcrt.dll
0x00007ffea7bd0000 - 0x00007ffea7c76000 	C:\Windows\System32\sechost.dll
0x00007ffea74d0000 - 0x00007ffea75e8000 	C:\Windows\System32\RPCRT4.dll
0x00007ffea7930000 - 0x00007ffea7af7000 	C:\Windows\System32\USER32.dll
0x00007ffea6d70000 - 0x00007ffea6d97000 	C:\Windows\System32\win32u.dll
0x00007ffea71a0000 - 0x00007ffea71cb000 	C:\Windows\System32\GDI32.dll
0x00007ffea6a10000 - 0x00007ffea6b3c000 	C:\Windows\System32\gdi32full.dll
0x00007ffea6b40000 - 0x00007ffea6be3000 	C:\Windows\System32\msvcp_win.dll
0x00007ffe6f410000 - 0x00007ffe6f6a4000 	C:\Windows\WinSxS\amd64_microsoft.windows.common-controls_6595b64144ccf1df_6.0.26100.7019_none_3e06ffa0e335b8a8\COMCTL32.dll
0x00007ffe9b040000 - 0x00007ffe9b04b000 	C:\Windows\SYSTEM32\VERSION.dll
0x00007ffea8e10000 - 0x00007ffea8e41000 	C:\Windows\System32\IMM32.DLL
0x00007ffe885e0000 - 0x00007ffe885ec000 	C:\Program Files\Java\jdk-17\bin\vcruntime140_1.dll
0x00007ffe58940000 - 0x00007ffe589ce000 	C:\Program Files\Java\jdk-17\bin\msvcp140.dll
0x00007ffdeb7c0000 - 0x00007ffdec3a0000 	C:\Program Files\Java\jdk-17\bin\server\jvm.dll
0x00007ffea7410000 - 0x00007ffea7418000 	C:\Windows\System32\PSAPI.DLL
0x00007ffe68bb0000 - 0x00007ffe68bba000 	C:\Windows\SYSTEM32\WSOCK32.dll
0x00007ffe9b110000 - 0x00007ffe9b145000 	C:\Windows\SYSTEM32\WINMM.dll
0x00007ffea7830000 - 0x00007ffea78a4000 	C:\Windows\System32\WS2_32.dll
0x00007ffea5130000 - 0x00007ffea514b000 	C:\Windows\SYSTEM32\kernel.appcore.dll
0x00007ffe82330000 - 0x00007ffe8233a000 	C:\Program Files\Java\jdk-17\bin\jimage.dll
0x00007ffea3980000 - 0x00007ffea3bc2000 	C:\Windows\SYSTEM32\DBGHELP.DLL
0x00007ffea8e50000 - 0x00007ffea91db000 	C:\Windows\System32\combase.dll
0x00007ffea7000000 - 0x00007ffea70d7000 	C:\Windows\System32\OLEAUT32.dll
0x00007ffe8ec00000 - 0x00007ffe8ec3c000 	C:\Windows\SYSTEM32\dbgcore.DLL
0x00007ffea6da0000 - 0x00007ffea6e45000 	C:\Windows\System32\bcryptPrimitives.dll
0x00007ffe82300000 - 0x00007ffe82325000 	C:\Program Files\Java\jdk-17\bin\java.dll
0x00007ffe4d0b0000 - 0x00007ffe4d187000 	C:\Program Files\Java\jdk-17\bin\jsvml.dll
0x00007ffea7cd0000 - 0x00007ffea841f000 	C:\Windows\System32\SHELL32.dll
0x00007ffea6e50000 - 0x00007ffea6fbb000 	C:\Windows\System32\wintypes.dll
0x00007ffea3fb0000 - 0x00007ffea480d000 	C:\Windows\SYSTEM32\windows.storage.dll
0x00007ffea8bb0000 - 0x00007ffea8ca2000 	C:\Windows\System32\SHCORE.dll
0x00007ffea78b0000 - 0x00007ffea7917000 	C:\Windows\System32\shlwapi.dll
0x00007ffea61f0000 - 0x00007ffea6219000 	C:\Windows\SYSTEM32\profapi.dll
0x00007ffe6f150000 - 0x00007ffe6f169000 	C:\Program Files\Java\jdk-17\bin\net.dll
0x00007ffe94270000 - 0x00007ffe94398000 	C:\Windows\SYSTEM32\WINHTTP.dll
0x00007ffea56a0000 - 0x00007ffea570b000 	C:\Windows\system32\mswsock.dll
0x00007ffe6d290000 - 0x00007ffe6d2a6000 	C:\Program Files\Java\jdk-17\bin\nio.dll
0x00007ffe6c790000 - 0x00007ffe6c7a8000 	C:\Program Files\Java\jdk-17\bin\zip.dll
0x00007ffde78b0000 - 0x00007ffde88ff000 	C:\Users\dinig\.skiko\ed40a5bce6e1e7d4dcecd8cd2db496c343d4d3d9e81abbdb09dee4bf7542e8cb\skiko-windows-x64.dll
0x00007ffea2770000 - 0x00007ffea27a0000 	C:\Windows\SYSTEM32\dwmapi.dll
0x00007ffde9ab0000 - 0x00007ffde9c41000 	C:\Program Files\Java\jdk-17\bin\awt.dll
0x00007ffe9fdd0000 - 0x00007ffe9fe6f000 	C:\Windows\SYSTEM32\apphelp.dll
0x00007ffea2670000 - 0x00007ffea271a000 	C:\Windows\system32\uxtheme.dll
0x00007ffe6e960000 - 0x00007ffe6e9bc000 	C:\Program Files\Folder Guard\FGH64.dll
0x00007ffea7250000 - 0x00007ffea73e7000 	C:\Windows\System32\ole32.dll
0x00007ffe92c10000 - 0x00007ffe92c1c000 	C:\Windows\SYSTEM32\FLTLIB.DLL
0x00007ffe8f4b0000 - 0x00007ffe8f4d1000 	C:\Windows\SYSTEM32\MPR.dll
0x00007ffe9fda0000 - 0x00007ffe9fdca000 	C:\Windows\SYSTEM32\WTSAPI32.dll
0x00007ffea6bf0000 - 0x00007ffea6d67000 	C:\Windows\System32\CRYPT32.dll
0x00007ffea53d0000 - 0x00007ffea5419000 	C:\Windows\SYSTEM32\SspiCli.dll
0x00007ffea89c0000 - 0x00007ffea8b1e000 	C:\Windows\System32\MSCTF.dll
0x00007ffe1b7b0000 - 0x00007ffe1b8bc000 	C:\Windows\system32\opengl32.dll
0x00007ffe5eea0000 - 0x00007ffe5eecd000 	C:\Windows\SYSTEM32\GLU32.dll
0x00007ffea2d70000 - 0x00007ffea2db3000 	C:\Windows\SYSTEM32\dxcore.dll
0x00007ffe4cd90000 - 0x00007ffe4ce17000 	C:\Program Files\Java\jdk-17\bin\freetype.dll
0x00007ffde98f0000 - 0x00007ffde99d1000 	C:\Program Files\Java\jdk-17\bin\fontmanager.dll
0x00007ffe72e40000 - 0x00007ffe72e47000 	C:\Program Files\Java\jdk-17\bin\jawt.dll
0x00007ffea3e40000 - 0x00007ffea3f79000 	C:\Windows\SYSTEM32\Dxgi.dll
0x00007ffea6250000 - 0x00007ffea62ae000 	C:\Windows\SYSTEM32\powrprof.dll
0x00007ffea61d0000 - 0x00007ffea61e4000 	C:\Windows\SYSTEM32\UMPDC.dll
0x00007ffe9dd20000 - 0x00007ffe9dd83000 	C:\Windows\SYSTEM32\directxdatabasehelper.dll
0x00007ffea5ec0000 - 0x00007ffea5f17000 	C:\Windows\SYSTEM32\cfgmgr32.dll
0x00007ffdf5640000 - 0x00007ffdf5663000 	C:\Windows\SYSTEM32\D3D12.dll
0x00007ffdf4540000 - 0x00007ffdf4898000 	C:\Windows\SYSTEM32\D3D12Core.dll
0x00007ffdf4430000 - 0x00007ffdf44b4000 	C:\Windows\System32\DriverStore\FileRepository\iigd_dch.inf_amd64_3039fc36da7a806b\igdext64.dll
0x00007ffea6220000 - 0x00007ffea624a000 	C:\Windows\SYSTEM32\bcrypt.dll
0x00007ffe9abc0000 - 0x00007ffe9ac13000 	C:\Windows\System32\DriverStore\FileRepository\iigd_dch.inf_amd64_3039fc36da7a806b\igdgmm2_64.dll
0x00007ffe9a400000 - 0x00007ffe9a9ab000 	C:\Windows\System32\DriverStore\FileRepository\iigd_dch.inf_amd64_3039fc36da7a806b\igdgmm64.dll
0x00007ffdf4aa0000 - 0x00007ffdf4b85000 	C:\Windows\SYSTEM32\D3DSCache.dll
0x00007ffea5750000 - 0x00007ffea577b000 	C:\Windows\SYSTEM32\USERENV.dll
0x00007ffea5960000 - 0x00007ffea597b000 	C:\Windows\SYSTEM32\CRYPTSP.dll
0x00007ffea5090000 - 0x00007ffea50ca000 	C:\Windows\system32\rsaenh.dll
0x00007ffea5980000 - 0x00007ffea598c000 	C:\Windows\SYSTEM32\CRYPTBASE.dll
0x00007ffea3400000 - 0x00007ffea3667000 	C:\Windows\SYSTEM32\dwrite.dll

dbghelp: loaded successfully - version: 4.0.5 - missing functions: none
symbol engine: initialized successfully - sym options: 0x614 - pdb path: .;C:\Program Files\Java\jdk-17\bin;C:\Windows\SYSTEM32;C:\Windows\WinSxS\amd64_microsoft.windows.common-controls_6595b64144ccf1df_6.0.26100.7019_none_3e06ffa0e335b8a8;C:\Program Files\Java\jdk-17\bin\server;C:\Users\dinig\.skiko\ed40a5bce6e1e7d4dcecd8cd2db496c343d4d3d9e81abbdb09dee4bf7542e8cb;C:\Program Files\Folder Guard;C:\Windows\System32\DriverStore\FileRepository\iigd_dch.inf_amd64_3039fc36da7a806b

VM Arguments:
jvm_args: -Dcompose.application.configure.swing.globals=true -Dcompose.application.resources.dir=C:\t\LogCatViewer\build\compose\tmp\prepareAppResources -Dfile.encoding=windows-1255 -Duser.country=IL -Duser.language=he -Duser.variant 
java_command: MainKt
java_class_path (initial): C:\t\LogCatViewer\build\libs\LogcatViewer-1.0.0.jar;C:\Users\dinig\.gradle\caches\modules-2\files-2.1\org.jetbrains.compose.desktop\desktop-jvm\1.5.11\3b461ec5c3f11ec2a6b169f6c7290415f7b60bf3\desktop-jvm-1.5.11.jar;C:\Users\dinig\.gradle\caches\modules-2\files-2.1\org.jetbrains.compose.material\material-desktop\1.5.11\ca0d754ede3fce975a8df534828a1753642bc87e\material-desktop-1.5.11.jar;C:\Users\dinig\.gradle\caches\modules-2\files-2.1\org.jetbrains.skiko\skiko-awt-runtime-windows-x64\0.7.85.4\ffc2f49550c96509f1cbbb6f744dc89c2f1d7e40\skiko-awt-runtime-windows-x64-0.7.85.4.jar;C:\Users\dinig\.gradle\caches\modules-2\files-2.1\org.jetbrains.compose.material\material-ripple-desktop\1.5.11\494966d7ed5d7143b7e67f10077f8f20ab9fa1ec\material-ripple-desktop-1.5.11.jar;C:\Users\dinig\.gradle\caches\modules-2\files-2.1\org.jetbrains.compose.foundation\foundation-desktop\1.5.11\8ed7fbae30be5411f111572ee7a5929622606152\foundation-desktop-1.5.11.jar;C:\Users\dinig\.gradle\caches\modules-2\files-2.1\org.jetbrains.compose.animation\animation-desktop\1.5.11\f1cbe23da9ecb37aa6b2b3e57b223327227b910a\animation-desktop-1.5.11.jar;C:\Users\dinig\.gradle\caches\modules-2\files-2.1\org.jetbrains.compose.animation\animation-core-desktop\1.5.11\c9cbe3824dd25e0152e9298574d24ec9ac61d016\animation-core-desktop-1.5.11.jar;C:\Users\dinig\.gradle\caches\modules-2\files-2.1\org.jetbrains.compose.foundation\foundation-layout-desktop\1.5.11\df30b80d1cc669e37290284ee3f27f27c3658e9f\foundation-layout-desktop-1.5.11.jar;C:\Users\dinig\.gradle\caches\modules-2\files-2.1\org.jetbrains.compose.material\material-icons-extended-desktop\1.5.11\b6f299f951e9fba2b1de8c5e797e7c7e03442c39\material-icons-extended-desktop-1.5.11.jar;C:\Users\dinig\.gradle\caches\modules-2\files-2.1\org.jetbrains.compose.material\material-icons-core-desktop\1.5.11\82faf5401b15358511cb941fd1306433ae12be77\material-icons-core-desktop-1.5.11.jar;C:\Users\dinig\.gradle\caches\modules-2\files-2.1\org.jetbrains
Launcher Type: SUN_STANDARD

[Global flags]
     intx CICompilerCount                          = 4                                         {product} {ergonomic}
     uint ConcGCThreads                            = 3                                         {product} {ergonomic}
     uint G1ConcRefinementThreads                  = 10                                        {product} {ergonomic}
   size_t G1HeapRegionSize                         = 2097152                                   {product} {ergonomic}
    uintx GCDrainStackTargetSize                   = 64                                        {product} {ergonomic}
   size_t InitialHeapSize                          = 264241152                                 {product} {ergonomic}
   size_t MarkStackSize                            = 4194304                                   {product} {ergonomic}
   size_t MaxHeapSize                              = 4223664128                                {product} {ergonomic}
   size_t MaxNewSize                               = 2533359616                                {product} {ergonomic}
   size_t MinHeapDeltaBytes                        = 2097152                                   {product} {ergonomic}
   size_t MinHeapSize                              = 8388608                                   {product} {ergonomic}
    uintx NonNMethodCodeHeapSize                   = 5839372                                {pd product} {ergonomic}
    uintx NonProfiledCodeHeapSize                  = 122909434                              {pd product} {ergonomic}
    uintx ProfiledCodeHeapSize                     = 122909434                              {pd product} {ergonomic}
    uintx ReservedCodeCacheSize                    = 251658240                              {pd product} {ergonomic}
     bool SegmentedCodeCache                       = true                                      {product} {ergonomic}
   size_t SoftMaxHeapSize                          = 4223664128                             {manageable} {ergonomic}
     bool UseCompressedClassPointers               = true                           {product lp64_product} {ergonomic}
     bool UseCompressedOops                        = true                           {product lp64_product} {ergonomic}
     bool UseG1GC                                  = true                                      {product} {ergonomic}
     bool UseLargePagesIndividualAllocation        = false                                  {pd product} {ergonomic}

Logging:
Log output configuration:
 #0: stdout all=warning uptime,level,tags
 #1: stderr all=off uptime,level,tags

Environment Variables:
JAVA_HOME=C:\Program Files\Java\jdk-17
CLASSPATH=C:\t\LogCatViewer\\gradle\wrapper\gradle-wrapper.jar
PATH=C:\Program Files\PowerShell\7;C:\Ruby32-x64\bin;C:\Program Files\Java\jdk-24\bin\java.exe;C:\ProgramData\Oracle\Java\javapath;C:\Program Files\Common Files\Oracle\Java\javapath;C:\Python313\Scripts\;C:\Python313\;C:\Program Files\NVIDIA GPU Computing Toolkit\CUDA\v12.8\bin;C:\Program Files\NVIDIA GPU Computing Toolkit\CUDA\v12.8\libnvvp;C:\Windows\system32;C:\Windows;C:\Windows\System32\Wbem;C:\Windows\System32\WindowsPowerShell\v1.0\;C:\Windows\System32\OpenSSH\;C:\Program Files (x86)\AOMEI\AOMEI Backupper\7.3.3;C:\Program Files\dotnet\;C:\Program Files (x86)\Microsoft SQL Server\160\DTS\Binn\;C:\Program Files\Microsoft SQL Server\150\Tools\Binn\;C:\Program Files\Microsoft SQL Server\Client SDK\ODBC\170\Tools\Binn\;C:\Program Files (x86)\Windows Live\Shared;C:\Program Files\NVIDIA Corporation\Nsight Compute 2025.1.0\;C:\Program Files (x86)\NVIDIA Corporation\PhysX\Common;C:\Program Files\Tesseract-OCR;C:\ProgramData\chocolatey\bin;C:\Program Files\Common Files\Oracle\Java\javapath_target_50286687\java.exe;C:\Program Files (x86)\APK Editor Studio\tools;C:\Program Files\nodejs\;C:\Program Files\WezTerm;C:\Program Files\Docker\Docker\resources\bin;C:\Program Files (x86)\Windows Kits\10\Windows Performance Toolkit\;C:\Program Files (x86)\Google\Cloud SDK\google-cloud-sdk\bin;C:\Program Files\Git\cmd;C:\Program Files\Git\mingw64\bin;C:\Program Files\Git\usr\bin;C:\Program Files\PowerToys\;C:\Program Files\PowerShell\7\;C:\Program Files\הורדה מהירה מיוטיוב - מכון כתר תורה\;C:\PY\Scripts\;C:\PY\;C:\Users\dinig\AppData\Local\Programs\Python\Python313\ררררררר\;C:\Users\dinig\AppData\Local\Programs\Python\Python313\ררררררררר;C:\Users\dinig\.console-ninja\.bin;C:\Program Files (x86)\Microsoft Visual Studio\Common\Tools\WinNT;C:\Program Files (x86)\Microsoft Visual Studio\Common\MSDev98\Bin;C:\Program Files (x86)\Microsoft Visual Studio\Common\Tools;C:\Program Files (x86)\Microsoft Visual Studio\VC98\bin;C:\Users\dinig\AppData\Local\Microsoft\WindowsApps;C:\Users\dinig\AppDa
USERNAME=ראובן ודיני גולדמן
LANG=he_IL.UTF-8
OS=Windows_NT
PROCESSOR_IDENTIFIER=Intel64 Family 6 Model 186 Stepping 2, GenuineIntel



---------------  S Y S T E M  ---------------

OS:
 Windows 11 , 64 bit Build 26100 (10.0.26100.7019)
OS uptime: 0 days 13:58 hours

CPU: total 12 (initial active 12) (6 cores per cpu, 2 threads per core) family 6 model 186 stepping 2 microcode 0x4128, cx8, cmov, fxsr, ht, mmx, 3dnowpref, sse, sse2, sse3, ssse3, sse4.1, sse4.2, popcnt, lzcnt, tsc, tscinvbit, avx, avx2, aes, erms, clmul, bmi1, bmi2, adx, sha, fma, vzeroupper, clflush, clflushopt, clwb

Memory: 4k page, system-wide physical 16107M (1458M free)
TotalPageFile size 25207M (AvailPageFile size 258M)
current process WorkingSet (physical memory assigned to process): 127M, peak: 166M
current process commit charge ("private bytes"): 186M, peak: 432M

vm_info: Java HotSpot(TM) 64-Bit Server VM (17.0.12+8-LTS-286) for windows-amd64 JRE (17.0.12+8-LTS-286), built on Jun  5 2024 06:46:59 by "mach5one" with MS VC++ 17.6 (VS2022)

END.
